SF:apps\edge_agent\__init__.py
DA:7,0
LF:1
LH:0
end_of_record
SF:apps\edge_agent\main.py
DA:7,1
DA:8,1
DA:10,1
DA:11,1
DA:13,1
DA:28,1
DA:33,1
DA:36,1
DA:37,1
DA:38,0
DA:46,1
DA:47,1
DA:48,0
DA:51,1
DA:52,1
DA:53,1
DA:56,1
DA:57,1
DA:58,1
DA:59,1
DA:60,0
DA:61,0
DA:64,1
DA:65,1
DA:66,0
DA:69,1
DA:70,1
DA:71,0
DA:72,0
DA:73,0
DA:74,0
DA:77,1
DA:78,1
DA:79,1
DA:80,1
DA:81,0
DA:82,0
DA:85,1
DA:86,1
DA:87,0
DA:88,0
DA:89,0
DA:90,0
DA:93,1
DA:94,1
DA:97,0
DA:102,1
DA:103,1
DA:104,0
DA:105,0
DA:106,0
DA:107,0
DA:110,1
DA:111,1
DA:114,0
DA:115,0
DA:118,0
DA:119,0
DA:122,1
DA:123,1
DA:124,0
DA:127,1
DA:128,1
DA:130,1
DA:131,1
DA:132,1
DA:133,0
DA:134,0
DA:137,1
DA:138,1
DA:140,1
DA:141,1
DA:142,1
DA:143,0
DA:144,0
LF:75
LH:46
FN:37,43,health
FNDA:0,health
FN:47,48,metrics
FNDA:0,metrics
FN:52,53,register_edge_agent
FNDA:1,register_edge_agent
FN:57,61,edge_agent_heartbeat
FNDA:1,edge_agent_heartbeat
FN:65,66,list_edge_agents
FNDA:0,list_edge_agents
FN:70,74,get_edge_agent
FNDA:0,get_edge_agent
FN:78,82,resolve_routing
FNDA:1,resolve_routing
FN:86,90,plan_replication
FNDA:0,plan_replication
FN:94,99,list_replication_jobs
FNDA:0,list_replication_jobs
FN:103,107,get_replication_job
FNDA:0,get_replication_job
FN:111,119,update_replication_job
FNDA:0,update_replication_job
FN:123,124,list_events
FNDA:0,list_events
FN:128,134,report_agent_failure
FNDA:1,report_agent_failure
FN:138,144,report_agent_success
FNDA:1,report_agent_success
FNF:14
FNH:5
end_of_record
SF:apps\edge_agent\service.py
DA:7,1
DA:9,1
DA:10,1
DA:11,1
DA:12,1
DA:13,1
DA:17,1
DA:18,1
DA:19,1
DA:20,1
DA:22,1
DA:23,1
DA:24,1
DA:25,1
DA:26,1
DA:27,0
DA:28,0
DA:29,1
DA:31,1
DA:32,1
DA:34,1
DA:35,1
DA:36,1
DA:37,1
DA:38,1
DA:40,1
DA:43,1
DA:44,1
DA:45,1
DA:46,1
DA:49,1
DA:50,1
DA:51,1
DA:52,1
DA:53,1
DA:54,1
DA:55,1
DA:56,1
DA:58,1
DA:59,1
DA:60,1
DA:61,1
DA:64,1
DA:67,1
DA:68,1
DA:69,1
DA:70,1
DA:71,1
DA:74,1
DA:75,1
DA:78,1
DA:79,1
DA:80,1
DA:81,1
DA:84,1
DA:85,1
DA:86,1
DA:87,1
DA:88,1
DA:91,1
DA:92,1
DA:93,1
DA:94,1
DA:97,1
DA:98,1
DA:99,1
DA:100,1
DA:101,1
DA:102,1
DA:103,1
DA:106,1
DA:107,1
DA:108,1
DA:109,1
DA:112,1
DA:113,1
DA:114,1
DA:115,1
DA:116,1
DA:119,1
DA:120,1
DA:121,1
DA:122,1
DA:123,1
DA:124,1
DA:125,1
DA:126,1
DA:127,1
DA:130,1
DA:131,1
DA:132,1
DA:133,1
DA:134,1
DA:137,1
DA:138,1
DA:139,1
DA:140,1
DA:141,1
DA:142,1
DA:143,1
DA:144,1
DA:145,1
DA:146,1
DA:147,1
DA:148,1
DA:149,1
DA:152,1
DA:153,1
DA:154,1
DA:155,1
DA:156,1
DA:159,1
DA:160,1
DA:161,1
DA:162,1
DA:163,1
DA:164,1
DA:165,1
DA:166,1
DA:169,1
DA:170,1
DA:171,1
DA:172,1
DA:173,1
DA:176,1
DA:177,1
DA:178,1
DA:179,1
DA:180,1
DA:181,1
DA:184,1
DA:185,1
DA:186,1
DA:187,1
DA:188,1
DA:191,1
DA:192,1
DA:193,1
DA:194,1
DA:195,1
DA:196,1
DA:197,1
DA:198,1
DA:199,1
DA:200,1
DA:203,1
DA:204,1
DA:205,1
DA:206,1
DA:207,1
DA:210,1
DA:211,1
DA:212,1
DA:213,1
DA:214,1
DA:215,1
DA:216,1
DA:219,1
DA:222,1
DA:225,1
DA:226,1
DA:227,1
DA:228,1
DA:229,1
DA:231,1
DA:233,1
DA:234,0
DA:236,1
DA:237,1
DA:238,1
DA:240,1
DA:241,1
DA:242,1
DA:250,0
DA:251,0
DA:252,1
DA:253,1
DA:254,1
DA:256,1
DA:257,1
DA:258,1
DA:259,1
DA:260,1
DA:261,1
DA:264,1
DA:265,0
DA:266,0
DA:267,0
DA:268,0
DA:269,0
DA:270,0
DA:272,0
DA:274,1
DA:275,1
DA:281,1
DA:284,1
DA:285,1
DA:288,1
DA:289,0
DA:290,0
DA:300,0
DA:301,0
DA:302,0
DA:303,0
DA:304,0
DA:305,0
DA:306,0
DA:307,0
DA:308,0
DA:309,0
DA:310,0
DA:312,1
DA:314,1
DA:315,1
DA:317,1
DA:322,1
DA:325,1
DA:327,1
DA:328,1
DA:342,1
DA:345,1
DA:346,1
DA:347,1
DA:348,1
DA:351,1
DA:352,1
DA:353,1
DA:355,1
DA:360,1
DA:361,1
DA:362,1
DA:363,0
DA:367,1
DA:369,1
DA:380,1
DA:383,1
DA:384,1
DA:385,1
DA:386,1
DA:387,1
DA:390,1
DA:395,1
DA:396,1
DA:397,1
DA:398,0
DA:399,1
DA:404,1
DA:405,0
DA:406,0
DA:407,0
DA:408,0
DA:410,1
DA:411,1
DA:412,1
DA:414,1
DA:416,1
DA:417,1
DA:418,1
DA:420,1
DA:421,0
DA:422,1
DA:423,1
DA:425,1
DA:430,1
DA:433,1
DA:434,1
DA:435,1
DA:436,1
DA:438,1
DA:439,1
DA:441,0
DA:442,0
DA:443,0
DA:444,0
DA:447,0
DA:448,0
DA:450,0
DA:451,0
DA:452,0
DA:454,0
DA:455,0
DA:457,1
DA:460,1
DA:462,1
DA:463,1
DA:464,1
DA:465,1
DA:466,1
DA:467,1
DA:468,0
DA:469,1
DA:470,1
DA:471,1
DA:472,1
DA:474,1
DA:475,1
DA:477,1
DA:487,1
DA:488,1
DA:490,1
DA:495,1
DA:496,1
DA:497,1
DA:498,0
DA:500,1
DA:505,1
DA:506,1
DA:507,1
DA:509,0
DA:510,0
DA:512,1
DA:513,1
DA:519,1
DA:520,1
DA:521,1
DA:522,1
DA:523,0
DA:524,1
DA:525,0
DA:526,0
DA:527,0
DA:528,1
DA:537,1
DA:538,1
DA:540,1
DA:547,1
DA:549,1
DA:557,1
DA:559,1
DA:560,1
DA:561,0
DA:563,1
DA:564,1
DA:565,1
DA:566,1
DA:569,1
DA:570,1
DA:572,1
DA:577,1
DA:581,1
DA:582,1
DA:583,1
DA:586,1
DA:587,1
DA:590,0
DA:591,0
DA:592,0
DA:593,0
DA:596,1
DA:597,1
DA:598,1
DA:599,1
DA:600,1
DA:601,1
DA:603,1
DA:604,1
DA:605,1
DA:606,0
DA:607,1
DA:608,1
DA:609,1
DA:610,1
DA:612,1
DA:613,1
DA:614,1
DA:615,1
DA:616,1
DA:617,0
DA:619,1
DA:620,1
DA:622,1
DA:623,1
DA:625,1
DA:626,1
DA:627,1
DA:628,1
DA:630,1
DA:631,0
DA:632,1
DA:634,1
DA:635,1
DA:641,1
DA:642,1
DA:643,1
DA:649,1
DA:650,1
DA:651,1
DA:652,0
DA:654,1
DA:655,1
DA:656,1
DA:657,1
DA:659,1
DA:660,1
DA:661,1
DA:663,1
DA:664,1
DA:666,1
DA:674,1
DA:675,1
DA:676,1
DA:685,1
DA:688,1
DA:690,1
DA:699,1
DA:701,1
DA:708,1
DA:709,1
DA:710,1
DA:711,0
DA:713,1
DA:720,1
DA:723,1
DA:724,1
DA:725,0
DA:726,0
DA:728,1
DA:736,1
DA:738,1
DA:739,0
DA:740,0
DA:741,0
DA:742,0
DA:744,1
DA:749,1
DA:750,1
DA:751,1
DA:752,1
DA:753,0
DA:754,1
DA:756,1
DA:758,1
DA:759,1
DA:760,1
DA:761,0
DA:763,1
DA:764,1
DA:765,1
DA:767,1
DA:768,1
DA:769,1
DA:771,1
DA:774,1
DA:776,1
DA:778,1
DA:779,1
DA:780,1
DA:781,0
DA:783,1
DA:784,1
DA:785,1
DA:786,1
DA:789,1
LF:453
LH:383
FN:18,20,SimpleQueryCache.__init__
FNDA:1,SimpleQueryCache.__init__
FN:22,29,SimpleQueryCache.get
FNDA:1,SimpleQueryCache.get
FN:31,32,SimpleQueryCache.set
FNDA:1,SimpleQueryCache.set
FN:34,40,SimpleQueryCache.invalidate
FNDA:1,SimpleQueryCache.invalidate
FN:74,75,utcnow
FNDA:1,utcnow
FN:211,229,EdgeAgentRegistryService.__init__
FNDA:1,EdgeAgentRegistryService.__init__
FN:231,254,EdgeAgentRegistryService._initialize_kafka
FNDA:1,EdgeAgentRegistryService._initialize_kafka
FN:256,272,EdgeAgentRegistryService.reset
FNDA:1,EdgeAgentRegistryService.reset
FN:274,315,EdgeAgentRegistryService._broadcast_event
FNDA:1,EdgeAgentRegistryService._broadcast_event
FN:317,353,EdgeAgentRegistryService.register_agent
FNDA:1,EdgeAgentRegistryService.register_agent
FN:355,387,EdgeAgentRegistryService.record_heartbeat
FNDA:1,EdgeAgentRegistryService.record_heartbeat
FN:390,402,EdgeAgentRegistryService.list_agents
FNDA:1,EdgeAgentRegistryService.list_agents
FN:404,408,EdgeAgentRegistryService.get_agent
FNDA:0,EdgeAgentRegistryService.get_agent
FN:410,412,EdgeAgentRegistryService.is_stale
FNDA:1,EdgeAgentRegistryService.is_stale
FN:414,423,EdgeAgentRegistryService._is_circuit_open
FNDA:1,EdgeAgentRegistryService._is_circuit_open
FN:425,488,EdgeAgentRegistryService.resolve_routing
FNDA:1,EdgeAgentRegistryService.resolve_routing
FN:490,545,EdgeAgentRegistryService.build_replication_plan
FNDA:1,EdgeAgentRegistryService.build_replication_plan
FN:547,555,EdgeAgentRegistryService._eligible_agents
FNDA:1,EdgeAgentRegistryService._eligible_agents
FN:557,570,EdgeAgentRegistryService._eligible_agents_in_region
FNDA:1,EdgeAgentRegistryService._eligible_agents_in_region
FN:572,610,EdgeAgentRegistryService._rank_agents
FNDA:1,EdgeAgentRegistryService._rank_agents
FN:612,632,EdgeAgentRegistryService._score_agent
FNDA:1,EdgeAgentRegistryService._score_agent
FN:634,639,EdgeAgentRegistryService._source_rank
FNDA:1,EdgeAgentRegistryService._source_rank
FN:641,647,EdgeAgentRegistryService._target_rank
FNDA:1,EdgeAgentRegistryService._target_rank
FN:649,652,EdgeAgentRegistryService._replication_reason
FNDA:1,EdgeAgentRegistryService._replication_reason
FN:654,657,EdgeAgentRegistryService._has_warm_cache
FNDA:1,EdgeAgentRegistryService._has_warm_cache
FN:659,661,EdgeAgentRegistryService._session_headroom
FNDA:1,EdgeAgentRegistryService._session_headroom
FN:663,664,EdgeAgentRegistryService._region_group
FNDA:1,EdgeAgentRegistryService._region_group
FN:666,699,EdgeAgentRegistryService.create_replication_job
FNDA:1,EdgeAgentRegistryService.create_replication_job
FN:701,736,EdgeAgentRegistryService.update_replication_status
FNDA:1,EdgeAgentRegistryService.update_replication_status
FN:738,742,EdgeAgentRegistryService.get_replication_job
FNDA:0,EdgeAgentRegistryService.get_replication_job
FN:744,754,EdgeAgentRegistryService.list_replication_jobs
FNDA:1,EdgeAgentRegistryService.list_replication_jobs
FN:756,774,EdgeAgentRegistryService.report_failure
FNDA:1,EdgeAgentRegistryService.report_failure
FN:776,789,EdgeAgentRegistryService.report_success
FNDA:1,EdgeAgentRegistryService.report_success
FNF:33
FNH:31
BRDA:23,0,jump to line 24,1
BRDA:23,0,jump to line 25,1
BRDA:26,0,jump to line 27,0
BRDA:26,0,jump to line 29,1
BRDA:35,0,jump to line 36,1
BRDA:35,0,jump to line 40,1
BRDA:37,0,jump to line 38,1
BRDA:37,0,return from function 'invalidate',1
BRDA:233,0,jump to line 234,0
BRDA:233,0,jump to line 236,1
BRDA:237,0,jump to line 238,1
BRDA:237,0,jump to line 240,1
BRDA:264,0,jump to line 265,0
BRDA:264,0,return from function 'reset',1
BRDA:284,0,jump to line 285,1
BRDA:284,0,jump to line 288,0
BRDA:288,0,jump to line 289,0
BRDA:288,0,jump to line 312,1
BRDA:306,0,jump to line 307,-
BRDA:306,0,jump to line 314,-
BRDA:345,0,jump to line 346,1
BRDA:345,0,jump to line 347,1
BRDA:347,0,jump to line 348,1
BRDA:347,0,jump to line 351,0
BRDA:362,0,jump to line 363,0
BRDA:362,0,jump to line 367,1
BRDA:397,0,jump to line 398,0
BRDA:397,0,jump to line 399,1
BRDA:406,0,jump to line 407,-
BRDA:406,0,jump to line 408,-
BRDA:417,0,jump to line 418,1
BRDA:417,0,jump to line 423,1
BRDA:418,0,jump to line 420,1
BRDA:418,0,jump to line 422,0
BRDA:420,0,jump to line 421,0
BRDA:420,0,jump to line 422,1
BRDA:435,0,jump to line 436,1
BRDA:435,0,jump to line 438,1
BRDA:439,0,jump to line 441,0
BRDA:439,0,jump to line 457,1
BRDA:443,0,jump to line 444,-
BRDA:443,0,jump to line 450,-
BRDA:444,0,jump to line 443,-
BRDA:444,0,jump to line 447,-
BRDA:450,0,jump to line 451,-
BRDA:450,0,jump to line 454,-
BRDA:465,0,jump to line 466,1
BRDA:465,0,jump to line 467,1
BRDA:467,0,jump to line 468,0
BRDA:467,0,jump to line 469,1
BRDA:469,0,jump to line 470,1
BRDA:469,0,jump to line 471,1
BRDA:471,0,jump to line 472,1
BRDA:471,0,jump to line 474,1
BRDA:474,0,jump to line 475,1
BRDA:474,0,jump to line 477,1
BRDA:497,0,jump to line 498,0
BRDA:497,0,jump to line 500,1
BRDA:505,0,jump to line 506,1
BRDA:505,0,jump to line 509,0
BRDA:521,0,jump to line 522,1
BRDA:521,0,jump to line 540,1
BRDA:522,0,jump to line 523,0
BRDA:522,0,jump to line 524,1
BRDA:524,0,jump to line 525,0
BRDA:524,0,jump to line 528,1
BRDA:525,0,jump to line 526,-
BRDA:525,0,jump to line 527,-
BRDA:537,0,jump to line 521,0
BRDA:537,0,jump to line 538,1
BRDA:560,0,jump to line 561,0
BRDA:560,0,jump to line 563,1
BRDA:564,0,jump to line 565,1
BRDA:564,0,jump to line 570,1
BRDA:566,0,jump to line 564,1
BRDA:566,0,jump to line 569,1
BRDA:582,0,jump to line 583,1
BRDA:582,0,jump to line 586,1
BRDA:586,0,jump to line 587,1
BRDA:586,0,jump to line 590,0
BRDA:591,0,jump to line 592,-
BRDA:591,0,jump to line 596,-
BRDA:592,0,jump to line 591,-
BRDA:592,0,jump to line 593,-
BRDA:598,0,jump to line 599,1
BRDA:598,0,jump to line 603,1
BRDA:599,0,jump to line 598,0
BRDA:599,0,jump to line 600,1
BRDA:603,0,jump to line 604,1
BRDA:603,0,jump to line 609,1
BRDA:604,0,jump to line 605,1
BRDA:604,0,jump to line 607,1
BRDA:605,0,jump to line 606,0
BRDA:605,0,jump to line 607,1
BRDA:614,0,jump to line 615,1
BRDA:614,0,jump to line 616,1
BRDA:616,0,jump to line 617,0
BRDA:616,0,jump to line 619,1
BRDA:619,0,jump to line 620,1
BRDA:619,0,jump to line 622,1
BRDA:630,0,jump to line 631,0
BRDA:630,0,jump to line 632,1
BRDA:650,0,jump to line 651,1
BRDA:650,0,jump to line 652,0
BRDA:655,0,jump to line 656,1
BRDA:655,0,jump to line 657,1
BRDA:710,0,jump to line 711,0
BRDA:710,0,jump to line 713,1
BRDA:723,0,jump to line 724,1
BRDA:723,0,jump to line 725,0
BRDA:725,0,jump to line 726,-
BRDA:725,0,jump to line 728,-
BRDA:740,0,jump to line 741,-
BRDA:740,0,jump to line 742,-
BRDA:750,0,jump to line 751,1
BRDA:750,0,jump to line 752,0
BRDA:752,0,jump to line 753,0
BRDA:752,0,jump to line 754,1
BRDA:760,0,jump to line 761,0
BRDA:760,0,jump to line 763,1
BRDA:767,0,jump to line 768,1
BRDA:767,0,jump to line 774,1
BRDA:780,0,jump to line 781,0
BRDA:780,0,jump to line 783,1
BRF:124
BRH:74
end_of_record
SF:apps\edge_agent\tests\conftest.py
DA:4,1
DA:6,1
DA:7,1
LF:3
LH:3
FN:4,7,pytest_configure
FNDA:1,pytest_configure
FNF:1
FNH:1
BRDA:6,0,jump to line 7,1
BRDA:6,0,return from function 'pytest_configure',0
BRF:2
BRH:1
end_of_record
SF:apps\edge_agent\tests\test_edge_agent.py
DA:7,1
DA:8,1
DA:9,1
DA:10,1
DA:12,1
DA:14,1
DA:16,1
DA:17,1
DA:30,1
DA:31,1
DA:32,1
DA:34,1
DA:40,1
DA:56,1
DA:66,1
DA:82,1
DA:83,1
DA:92,1
DA:94,1
DA:106,1
DA:108,1
DA:118,1
DA:119,1
DA:120,1
DA:122,1
DA:123,1
DA:124,1
DA:126,1
DA:127,1
DA:128,1
DA:137,1
DA:142,1
DA:144,1
DA:145,1
DA:154,1
DA:155,1
DA:157,1
DA:169,1
DA:170,1
DA:172,1
DA:182,1
DA:183,1
DA:184,1
DA:185,1
DA:186,1
DA:188,1
DA:189,1
DA:197,1
DA:198,1
DA:199,1
DA:201,1
DA:207,1
DA:208,1
DA:209,1
DA:210,1
DA:213,1
DA:214,1
DA:215,1
DA:216,1
DA:218,1
DA:219,1
DA:240,1
DA:241,1
DA:243,1
DA:264,1
DA:265,1
DA:267,1
DA:269,1
DA:282,1
DA:283,1
DA:284,1
DA:285,1
DA:288,1
DA:289,1
DA:290,1
DA:293,1
DA:304,1
DA:305,1
DA:307,1
DA:309,1
DA:313,1
DA:319,1
DA:320,1
DA:323,1
DA:324,1
DA:325,1
DA:326,1
DA:329,1
DA:332,1
DA:333,1
DA:335,1
DA:337,1
DA:343,1
DA:344,1
DA:346,1
DA:347,1
DA:348,1
LF:97
LH:97
FN:31,32,EdgeAgentRegistryTests.setUp
FNDA:1,EdgeAgentRegistryTests.setUp
FN:34,54,EdgeAgentRegistryTests._register
FNDA:1,EdgeAgentRegistryTests._register
FN:56,80,EdgeAgentRegistryTests._heartbeat
FNDA:1,EdgeAgentRegistryTests._heartbeat
FN:82,120,EdgeAgentRegistryTests.test_routing_prefers_exact_region_with_warm_cache
FNDA:1,EdgeAgentRegistryTests.test_routing_prefers_exact_region_with_warm_cache
FN:122,142,EdgeAgentRegistryTests.test_stale_agents_are_excluded_from_routing
FNDA:1,EdgeAgentRegistryTests.test_stale_agents_are_excluded_from_routing
FN:144,186,EdgeAgentRegistryTests.test_replication_plan_targets_requested_regions
FNDA:1,EdgeAgentRegistryTests.test_replication_plan_targets_requested_regions
FN:188,210,EdgeAgentRegistryTests.test_replication_job_lifecycle
FNDA:1,EdgeAgentRegistryTests.test_replication_job_lifecycle
FN:214,216,EdgeAgentApiTests.setUp
FNDA:1,EdgeAgentApiTests.setUp
FN:218,265,EdgeAgentApiTests.test_register_and_heartbeat_round_trip
FNDA:1,EdgeAgentApiTests.test_register_and_heartbeat_round_trip
FN:267,305,EdgeAgentApiTests.test_routing_cache_behavior
FNDA:1,EdgeAgentApiTests.test_routing_cache_behavior
FN:307,333,EdgeAgentApiTests.test_circuit_breaker_and_failover
FNDA:1,EdgeAgentApiTests.test_circuit_breaker_and_failover
FN:335,348,EdgeAgentApiTests.test_global_failover_when_region_dead
FNDA:1,EdgeAgentApiTests.test_global_failover_when_region_dead
FNF:12
FNH:12
BRDA:319,0,jump to line 320,1
BRDA:319,0,jump to line 323,1
BRF:2
BRH:2
end_of_record
