{"numTotalTestSuites":60,"numPassedTestSuites":60,"numFailedTestSuites":0,"numPendingTestSuites":0,"numTotalTests":131,"numPassedTests":131,"numFailedTests":0,"numPendingTests":0,"numTodoTests":0,"snapshot":{"added":0,"failure":false,"filesAdded":0,"filesRemoved":0,"filesRemovedList":[],"filesUnmatched":0,"filesUpdated":0,"matched":0,"total":0,"unchecked":0,"uncheckedKeysByFile":[],"unmatched":0,"updated":0,"didUpdate":false},"startTime":1776564344498,"success":true,"testResults":[{"assertionResults":[{"ancestorTitles":["OpaPolicyService conformance"],"fullName":"OpaPolicyService conformance resolves stable channel by default","status":"passed","title":"resolves stable channel by default","duration":16.718200000000024,"failureMessages":[],"meta":{},"tags":[]},{"ancestorTitles":["OpaPolicyService conformance"],"fullName":"OpaPolicyService conformance routes repo to canary when distribution contract matches","status":"passed","title":"routes repo to canary when distribution contract matches","duration":7.511899999999969,"failureMessages":[],"meta":{},"tags":[]},{"ancestorTitles":["OpaPolicyService conformance"],"fullName":"OpaPolicyService conformance denies mutating action on rollback channel in simulation","status":"passed","title":"denies mutating action on rollback channel in simulation","duration":9.133100000000013,"failureMessages":[],"meta":{},"tags":[]},{"ancestorTitles":["OpaPolicyService conformance"],"fullName":"OpaPolicyService conformance logs and queries decision events by correlation id","status":"passed","title":"logs and queries decision events by correlation id","duration":24.351300000000037,"failureMessages":[],"meta":{},"tags":[]},{"ancestorTitles":["OpaPolicyService conformance"],"fullName":"OpaPolicyService conformance prunes old decision logs according to retention","status":"passed","title":"prunes old decision logs according to retention","duration":16.456600000000208,"failureMessages":[],"meta":{},"tags":[]},{"ancestorTitles":["OpaPolicyService conformance"],"fullName":"OpaPolicyService conformance writes promotion audit event","status":"passed","title":"writes promotion audit event","duration":13.430500000000166,"failureMessages":[],"meta":{},"tags":[]},{"ancestorTitles":["OpaPolicyService conformance"],"fullName":"OpaPolicyService conformance requires reason for rollback","status":"passed","title":"requires reason for rollback","duration":6.734199999999873,"failureMessages":[],"meta":{},"tags":[]}],"startTime":1776564345675,"endTime":1776564345770.7341,"status":"passed","message":"","name":"C:/code-server-enterprise/tests/unit/opa-policy-service/conformance.spec.ts"},{"assertionResults":[{"ancestorTitles":["EphemeralWorkspaceLifecycleManager - Conformance Tests","1. Workspace Creation with TTL"],"fullName":"EphemeralWorkspaceLifecycleManager - Conformance Tests 1. Workspace Creation with TTL should create workspace with default TTL","status":"passed","title":"should create workspace with default TTL","duration":7.610699999999952,"failureMessages":[],"meta":{},"tags":[]},{"ancestorTitles":["EphemeralWorkspaceLifecycleManager - Conformance Tests","1. Workspace Creation with TTL"],"fullName":"EphemeralWorkspaceLifecycleManager - Conformance Tests 1. Workspace Creation with TTL should create workspace with custom TTL","status":"passed","title":"should create workspace with custom TTL","duration":1.7057999999999538,"failureMessages":[],"meta":{},"tags":[]},{"ancestorTitles":["EphemeralWorkspaceLifecycleManager - Conformance Tests","1. Workspace Creation with TTL"],"fullName":"EphemeralWorkspaceLifecycleManager - Conformance Tests 1. Workspace Creation with TTL should reject TTL below minimum","status":"passed","title":"should reject TTL below minimum","duration":1.3311999999998534,"failureMessages":[],"meta":{},"tags":[]},{"ancestorTitles":["EphemeralWorkspaceLifecycleManager - Conformance Tests","1. Workspace Creation with TTL"],"fullName":"EphemeralWorkspaceLifecycleManager - Conformance Tests 1. Workspace Creation with TTL should record creation event in audit trail","status":"passed","title":"should record creation event in audit trail","duration":1.2350000000001273,"failureMessages":[],"meta":{},"tags":[]},{"ancestorTitles":["EphemeralWorkspaceLifecycleManager - Conformance Tests","2. Workspace Lifecycle States"],"fullName":"EphemeralWorkspaceLifecycleManager - Conformance Tests 2. Workspace Lifecycle States should transition from requested to ready","status":"passed","title":"should transition from requested to ready","duration":2.2725000000000364,"failureMessages":[],"meta":{},"tags":[]},{"ancestorTitles":["EphemeralWorkspaceLifecycleManager - Conformance Tests","2. Workspace Lifecycle States"],"fullName":"EphemeralWorkspaceLifecycleManager - Conformance Tests 2. Workspace Lifecycle States should transition from ready to connected","status":"passed","title":"should transition from ready to connected","duration":1.6911999999999807,"failureMessages":[],"meta":{},"tags":[]},{"ancestorTitles":["EphemeralWorkspaceLifecycleManager - Conformance Tests","2. Workspace Lifecycle States"],"fullName":"EphemeralWorkspaceLifecycleManager - Conformance Tests 2. Workspace Lifecycle States should update activity and reset idle state","status":"passed","title":"should update activity and reset idle state","duration":110.85160000000019,"failureMessages":[],"meta":{},"tags":[]},{"ancestorTitles":["EphemeralWorkspaceLifecycleManager - Conformance Tests","3. Idle Detection"],"fullName":"EphemeralWorkspaceLifecycleManager - Conformance Tests 3. Idle Detection should detect idle workspace after timeout","status":"passed","title":"should detect idle workspace after timeout","duration":1.3371000000001914,"failureMessages":[],"meta":{},"tags":[]},{"ancestorTitles":["EphemeralWorkspaceLifecycleManager - Conformance Tests","3. Idle Detection"],"fullName":"EphemeralWorkspaceLifecycleManager - Conformance Tests 3. Idle Detection should transition to idle state","status":"passed","title":"should transition to idle state","duration":1.1772000000000844,"failureMessages":[],"meta":{},"tags":[]},{"ancestorTitles":["EphemeralWorkspaceLifecycleManager - Conformance Tests","4. Pausing and Snapshots"],"fullName":"EphemeralWorkspaceLifecycleManager - Conformance Tests 4. Pausing and Snapshots should pause workspace and create snapshot","status":"passed","title":"should pause workspace and create snapshot","duration":1.775000000000091,"failureMessages":[],"meta":{},"tags":[]},{"ancestorTitles":["EphemeralWorkspaceLifecycleManager - Conformance Tests","4. Pausing and Snapshots"],"fullName":"EphemeralWorkspaceLifecycleManager - Conformance Tests 4. Pausing and Snapshots should record pause event with snapshot details","status":"passed","title":"should record pause event with snapshot details","duration":1.023200000000088,"failureMessages":[],"meta":{},"tags":[]},{"ancestorTitles":["EphemeralWorkspaceLifecycleManager - Conformance Tests","4. Pausing and Snapshots"],"fullName":"EphemeralWorkspaceLifecycleManager - Conformance Tests 4. Pausing and Snapshots should resume from paused state","status":"passed","title":"should resume from paused state","duration":0.6783000000000357,"failureMessages":[],"meta":{},"tags":[]},{"ancestorTitles":["EphemeralWorkspaceLifecycleManager - Conformance Tests","5. TTL Expiry"],"fullName":"EphemeralWorkspaceLifecycleManager - Conformance Tests 5. TTL Expiry should detect expired TTL","status":"passed","title":"should detect expired TTL","duration":0.8351000000000113,"failureMessages":[],"meta":{},"tags":[]},{"ancestorTitles":["EphemeralWorkspaceLifecycleManager - Conformance Tests","5. TTL Expiry"],"fullName":"EphemeralWorkspaceLifecycleManager - Conformance Tests 5. TTL Expiry should auto-terminate on TTL expiry","status":"passed","title":"should auto-terminate on TTL expiry","duration":0.4519000000000233,"failureMessages":[],"meta":{},"tags":[]},{"ancestorTitles":["EphemeralWorkspaceLifecycleManager - Conformance Tests","6. Termination and Cleanup"],"fullName":"EphemeralWorkspaceLifecycleManager - Conformance Tests 6. Termination and Cleanup should terminate workspace","status":"passed","title":"should terminate workspace","duration":0.5920000000000982,"failureMessages":[],"meta":{},"tags":[]},{"ancestorTitles":["EphemeralWorkspaceLifecycleManager - Conformance Tests","6. Termination and Cleanup"],"fullName":"EphemeralWorkspaceLifecycleManager - Conformance Tests 6. Termination and Cleanup should cleanup workspace after termination","status":"passed","title":"should cleanup workspace after termination","duration":113.62930000000006,"failureMessages":[],"meta":{},"tags":[]},{"ancestorTitles":["EphemeralWorkspaceLifecycleManager - Conformance Tests","6. Termination and Cleanup"],"fullName":"EphemeralWorkspaceLifecycleManager - Conformance Tests 6. Termination and Cleanup should record cleanup events","status":"passed","title":"should record cleanup events","duration":0.5635999999999513,"failureMessages":[],"meta":{},"tags":[]},{"ancestorTitles":["EphemeralWorkspaceLifecycleManager - Conformance Tests","7. Cascade Cleanup (ACL Revocation)"],"fullName":"EphemeralWorkspaceLifecycleManager - Conformance Tests 7. Cascade Cleanup (ACL Revocation) should support cascade cleanup callbacks","status":"passed","title":"should support cascade cleanup callbacks","duration":104.92959999999994,"failureMessages":[],"meta":{},"tags":[]},{"ancestorTitles":["EphemeralWorkspaceLifecycleManager - Conformance Tests","7. Cascade Cleanup (ACL Revocation)"],"fullName":"EphemeralWorkspaceLifecycleManager - Conformance Tests 7. Cascade Cleanup (ACL Revocation) should pass correlation ID through cascade cleanup","status":"passed","title":"should pass correlation ID through cascade cleanup","duration":114.76910000000021,"failureMessages":[],"meta":{},"tags":[]},{"ancestorTitles":["EphemeralWorkspaceLifecycleManager - Conformance Tests","8. Statistics and Monitoring"],"fullName":"EphemeralWorkspaceLifecycleManager - Conformance Tests 8. Statistics and Monitoring should collect workspace statistics","status":"passed","title":"should collect workspace statistics","duration":0.8373000000001412,"failureMessages":[],"meta":{},"tags":[]},{"ancestorTitles":["EphemeralWorkspaceLifecycleManager - Conformance Tests","8. Statistics and Monitoring"],"fullName":"EphemeralWorkspaceLifecycleManager - Conformance Tests 8. Statistics and Monitoring should track snapshot usage","status":"passed","title":"should track snapshot usage","duration":0.5617000000002008,"failureMessages":[],"meta":{},"tags":[]},{"ancestorTitles":["EphemeralWorkspaceLifecycleManager - Conformance Tests","9. Multiple Workspaces Concurrently"],"fullName":"EphemeralWorkspaceLifecycleManager - Conformance Tests 9. Multiple Workspaces Concurrently should handle multiple workspaces independently","status":"passed","title":"should handle multiple workspaces independently","duration":0.4537000000000262,"failureMessages":[],"meta":{},"tags":[]},{"ancestorTitles":["EphemeralWorkspaceLifecycleManager - Conformance Tests","9. Multiple Workspaces Concurrently"],"fullName":"EphemeralWorkspaceLifecycleManager - Conformance Tests 9. Multiple Workspaces Concurrently should track each workspace's lifecycle independently","status":"passed","title":"should track each workspace's lifecycle independently","duration":0.3269000000000233,"failureMessages":[],"meta":{},"tags":[]}],"startTime":1776564345710,"endTime":1776564346184.327,"status":"passed","message":"","name":"C:/code-server-enterprise/tests/unit/ephemeral-workspace-lifecycle/conformance.spec.ts"},{"assertionResults":[{"ancestorTitles":["SessionBootstrapEnforcer - Bootstrap Integration Tests","1. Valid Bootstrap"],"fullName":"SessionBootstrapEnforcer - Bootstrap Integration Tests 1. Valid Bootstrap should successfully bootstrap with valid assertion","status":"passed","title":"should successfully bootstrap with valid assertion","duration":12.975799999999936,"failureMessages":[],"meta":{},"tags":[]},{"ancestorTitles":["SessionBootstrapEnforcer - Bootstrap Integration Tests","1. Valid Bootstrap"],"fullName":"SessionBootstrapEnforcer - Bootstrap Integration Tests 1. Valid Bootstrap should record proper audit events during bootstrap","status":"passed","title":"should record proper audit events during bootstrap","duration":3.037599999999884,"failureMessages":[],"meta":{},"tags":[]},{"ancestorTitles":["SessionBootstrapEnforcer - Bootstrap Integration Tests","1. Valid Bootstrap"],"fullName":"SessionBootstrapEnforcer - Bootstrap Integration Tests 1. Valid Bootstrap should create session with correct expiry","status":"passed","title":"should create session with correct expiry","duration":1.7174999999999727,"failureMessages":[],"meta":{},"tags":[]},{"ancestorTitles":["SessionBootstrapEnforcer - Bootstrap Integration Tests","1. Valid Bootstrap"],"fullName":"SessionBootstrapEnforcer - Bootstrap Integration Tests 1. Valid Bootstrap should set enforcement mode to STRICT by default","status":"passed","title":"should set enforcement mode to STRICT by default","duration":1.294399999999996,"failureMessages":[],"meta":{},"tags":[]},{"ancestorTitles":["SessionBootstrapEnforcer - Bootstrap Integration Tests","2. Invalid Assertion Rejection"],"fullName":"SessionBootstrapEnforcer - Bootstrap Integration Tests 2. Invalid Assertion Rejection should reject malformed JWT","status":"passed","title":"should reject malformed JWT","duration":1.1617000000001099,"failureMessages":[],"meta":{},"tags":[]},{"ancestorTitles":["SessionBootstrapEnforcer - Bootstrap Integration Tests","2. Invalid Assertion Rejection"],"fullName":"SessionBootstrapEnforcer - Bootstrap Integration Tests 2. Invalid Assertion Rejection should reject assertion with missing identity fields","status":"passed","title":"should reject assertion with missing identity fields","duration":3.029800000000023,"failureMessages":[],"meta":{},"tags":[]},{"ancestorTitles":["SessionBootstrapEnforcer - Bootstrap Integration Tests","2. Invalid Assertion Rejection"],"fullName":"SessionBootstrapEnforcer - Bootstrap Integration Tests 2. Invalid Assertion Rejection should fail bootstrap if policy verification fails","status":"passed","title":"should fail bootstrap if policy verification fails","duration":1.3370000000002165,"failureMessages":[],"meta":{},"tags":[]},{"ancestorTitles":["SessionBootstrapEnforcer - Bootstrap Integration Tests","3. Privileged Operation Enforcement"],"fullName":"SessionBootstrapEnforcer - Bootstrap Integration Tests 3. Privileged Operation Enforcement should allow privileged operation for valid session","status":"passed","title":"should allow privileged operation for valid session","duration":1.9309000000000651,"failureMessages":[],"meta":{},"tags":[]},{"ancestorTitles":["SessionBootstrapEnforcer - Bootstrap Integration Tests","3. Privileged Operation Enforcement"],"fullName":"SessionBootstrapEnforcer - Bootstrap Integration Tests 3. Privileged Operation Enforcement should deny operation for expired session","status":"passed","title":"should deny operation for expired session","duration":1116.2097999999999,"failureMessages":[],"meta":{},"tags":[]},{"ancestorTitles":["SessionBootstrapEnforcer - Bootstrap Integration Tests","3. Privileged Operation Enforcement"],"fullName":"SessionBootstrapEnforcer - Bootstrap Integration Tests 3. Privileged Operation Enforcement should deny operation for non-existent session","status":"passed","title":"should deny operation for non-existent session","duration":2.1213000000002467,"failureMessages":[],"meta":{},"tags":[]},{"ancestorTitles":["SessionBootstrapEnforcer - Bootstrap Integration Tests","3. Privileged Operation Enforcement"],"fullName":"SessionBootstrapEnforcer - Bootstrap Integration Tests 3. Privileged Operation Enforcement should record audit event for privileged operation","status":"passed","title":"should record audit event for privileged operation","duration":1.6414999999997235,"failureMessages":[],"meta":{},"tags":[]},{"ancestorTitles":["SessionBootstrapEnforcer - Bootstrap Integration Tests","4. Session Lifecycle"],"fullName":"SessionBootstrapEnforcer - Bootstrap Integration Tests 4. Session Lifecycle should retrieve session after bootstrap","status":"passed","title":"should retrieve session after bootstrap","duration":1.3221999999996115,"failureMessages":[],"meta":{},"tags":[]},{"ancestorTitles":["SessionBootstrapEnforcer - Bootstrap Integration Tests","4. Session Lifecycle"],"fullName":"SessionBootstrapEnforcer - Bootstrap Integration Tests 4. Session Lifecycle should return undefined for non-existent session","status":"passed","title":"should return undefined for non-existent session","duration":0.5428999999999178,"failureMessages":[],"meta":{},"tags":[]},{"ancestorTitles":["SessionBootstrapEnforcer - Bootstrap Integration Tests","4. Session Lifecycle"],"fullName":"SessionBootstrapEnforcer - Bootstrap Integration Tests 4. Session Lifecycle should terminate session cleanly","status":"passed","title":"should terminate session cleanly","duration":1.1292999999996027,"failureMessages":[],"meta":{},"tags":[]},{"ancestorTitles":["SessionBootstrapEnforcer - Bootstrap Integration Tests","4. Session Lifecycle"],"fullName":"SessionBootstrapEnforcer - Bootstrap Integration Tests 4. Session Lifecycle should deny operations after session termination","status":"passed","title":"should deny operations after session termination","duration":0.9552999999996246,"failureMessages":[],"meta":{},"tags":[]},{"ancestorTitles":["SessionBootstrapEnforcer - Bootstrap Integration Tests","5. Policy Expiry"],"fullName":"SessionBootstrapEnforcer - Bootstrap Integration Tests 5. Policy Expiry should track policy expiration separately from session expiration","status":"passed","title":"should track policy expiration separately from session expiration","duration":1.702600000000075,"failureMessages":[],"meta":{},"tags":[]},{"ancestorTitles":["SessionBootstrapEnforcer - Bootstrap Integration Tests","6. Fail-Safe Mode"],"fullName":"SessionBootstrapEnforcer - Bootstrap Integration Tests 6. Fail-Safe Mode should activate fail-safe mode on bootstrap failure","status":"passed","title":"should activate fail-safe mode on bootstrap failure","duration":0.8177999999998065,"failureMessages":[],"meta":{},"tags":[]},{"ancestorTitles":["SessionBootstrapEnforcer - Bootstrap Integration Tests","6. Fail-Safe Mode"],"fullName":"SessionBootstrapEnforcer - Bootstrap Integration Tests 6. Fail-Safe Mode should respect default fail-safe mode option","status":"passed","title":"should respect default fail-safe mode option","duration":0.5629999999996471,"failureMessages":[],"meta":{},"tags":[]},{"ancestorTitles":["SessionBootstrapEnforcer - Bootstrap Integration Tests","7. Audit Trail"],"fullName":"SessionBootstrapEnforcer - Bootstrap Integration Tests 7. Audit Trail should maintain correlation ID across audit events","status":"passed","title":"should maintain correlation ID across audit events","duration":0.7084999999997308,"failureMessages":[],"meta":{},"tags":[]},{"ancestorTitles":["SessionBootstrapEnforcer - Bootstrap Integration Tests","7. Audit Trail"],"fullName":"SessionBootstrapEnforcer - Bootstrap Integration Tests 7. Audit Trail should record detailed event information","status":"passed","title":"should record detailed event information","duration":0.8330999999998312,"failureMessages":[],"meta":{},"tags":[]},{"ancestorTitles":["SessionBootstrapEnforcer - Bootstrap Integration Tests","8. Multiple Identity Types"],"fullName":"SessionBootstrapEnforcer - Bootstrap Integration Tests 8. Multiple Identity Types should support multiple roles in identity","status":"passed","title":"should support multiple roles in identity","duration":1.859599999999773,"failureMessages":[],"meta":{},"tags":[]}],"startTime":1776564345710,"endTime":1776564346869.8596,"status":"passed","message":"","name":"C:/code-server-enterprise/tests/unit/session-bootstrap-enforcer/bootstrap.spec.ts"},{"assertionResults":[{"ancestorTitles":["SharedWorkspaceAclBroker - Conformance Tests","1. Grant Access"],"fullName":"SharedWorkspaceAclBroker - Conformance Tests 1. Grant Access should grant viewer access to workspace","status":"passed","title":"should grant viewer access to workspace","duration":8.032400000000052,"failureMessages":[],"meta":{},"tags":[]},{"ancestorTitles":["SharedWorkspaceAclBroker - Conformance Tests","1. Grant Access"],"fullName":"SharedWorkspaceAclBroker - Conformance Tests 1. Grant Access should grant editor access with expiry","status":"passed","title":"should grant editor access with expiry","duration":0.953899999999976,"failureMessages":[],"meta":{},"tags":[]},{"ancestorTitles":["SharedWorkspaceAclBroker - Conformance Tests","1. Grant Access"],"fullName":"SharedWorkspaceAclBroker - Conformance Tests 1. Grant Access should grant access with auto-revoke on expiry","status":"passed","title":"should grant access with auto-revoke on expiry","duration":1110.1835,"failureMessages":[],"meta":{},"tags":[]},{"ancestorTitles":["SharedWorkspaceAclBroker - Conformance Tests","1. Grant Access"],"fullName":"SharedWorkspaceAclBroker - Conformance Tests 1. Grant Access should record audit trail on grant","status":"passed","title":"should record audit trail on grant","duration":1.4275000000002365,"failureMessages":[],"meta":{},"tags":[]},{"ancestorTitles":["SharedWorkspaceAclBroker - Conformance Tests","2. Revoke Access"],"fullName":"SharedWorkspaceAclBroker - Conformance Tests 2. Revoke Access should revoke granted access","status":"passed","title":"should revoke granted access","duration":0.8645999999998821,"failureMessages":[],"meta":{},"tags":[]},{"ancestorTitles":["SharedWorkspaceAclBroker - Conformance Tests","2. Revoke Access"],"fullName":"SharedWorkspaceAclBroker - Conformance Tests 2. Revoke Access should deny access after revocation","status":"passed","title":"should deny access after revocation","duration":0.8689000000003944,"failureMessages":[],"meta":{},"tags":[]},{"ancestorTitles":["SharedWorkspaceAclBroker - Conformance Tests","2. Revoke Access"],"fullName":"SharedWorkspaceAclBroker - Conformance Tests 2. Revoke Access should prevent owner revocation","status":"passed","title":"should prevent owner revocation","duration":0.9283000000000357,"failureMessages":[],"meta":{},"tags":[]},{"ancestorTitles":["SharedWorkspaceAclBroker - Conformance Tests","2. Revoke Access"],"fullName":"SharedWorkspaceAclBroker - Conformance Tests 2. Revoke Access should record emergency revocation audit","status":"passed","title":"should record emergency revocation audit","duration":0.836699999999837,"failureMessages":[],"meta":{},"tags":[]},{"ancestorTitles":["SharedWorkspaceAclBroker - Conformance Tests","3. Access Checking"],"fullName":"SharedWorkspaceAclBroker - Conformance Tests 3. Access Checking should allow owner all operations","status":"passed","title":"should allow owner all operations","duration":1.1514999999999418,"failureMessages":[],"meta":{},"tags":[]},{"ancestorTitles":["SharedWorkspaceAclBroker - Conformance Tests","3. Access Checking"],"fullName":"SharedWorkspaceAclBroker - Conformance Tests 3. Access Checking should allow viewer read-only operations","status":"passed","title":"should allow viewer read-only operations","duration":1.550000000000182,"failureMessages":[],"meta":{},"tags":[]},{"ancestorTitles":["SharedWorkspaceAclBroker - Conformance Tests","3. Access Checking"],"fullName":"SharedWorkspaceAclBroker - Conformance Tests 3. Access Checking should allow editor read and write","status":"passed","title":"should allow editor read and write","duration":0.9532999999996719,"failureMessages":[],"meta":{},"tags":[]},{"ancestorTitles":["SharedWorkspaceAclBroker - Conformance Tests","3. Access Checking"],"fullName":"SharedWorkspaceAclBroker - Conformance Tests 3. Access Checking should deny unknown principal","status":"passed","title":"should deny unknown principal","duration":0.3461000000002059,"failureMessages":[],"meta":{},"tags":[]},{"ancestorTitles":["SharedWorkspaceAclBroker - Conformance Tests","3. Access Checking"],"fullName":"SharedWorkspaceAclBroker - Conformance Tests 3. Access Checking should deny access when lease expired","status":"passed","title":"should deny access when lease expired","duration":1110.7316,"failureMessages":[],"meta":{},"tags":[]},{"ancestorTitles":["SharedWorkspaceAclBroker - Conformance Tests","4. Operation Enforcement"],"fullName":"SharedWorkspaceAclBroker - Conformance Tests 4. Operation Enforcement should enforce allowed operation","status":"passed","title":"should enforce allowed operation","duration":0.6100999999998749,"failureMessages":[],"meta":{},"tags":[]},{"ancestorTitles":["SharedWorkspaceAclBroker - Conformance Tests","4. Operation Enforcement"],"fullName":"SharedWorkspaceAclBroker - Conformance Tests 4. Operation Enforcement should enforce denied operation with locked mode","status":"passed","title":"should enforce denied operation with locked mode","duration":0.2845999999999549,"failureMessages":[],"meta":{},"tags":[]},{"ancestorTitles":["SharedWorkspaceAclBroker - Conformance Tests","5. Query and Statistics"],"fullName":"SharedWorkspaceAclBroker - Conformance Tests 5. Query and Statistics should query ACL by workspace","status":"passed","title":"should query ACL by workspace","duration":0.37969999999995707,"failureMessages":[],"meta":{},"tags":[]},{"ancestorTitles":["SharedWorkspaceAclBroker - Conformance Tests","5. Query and Statistics"],"fullName":"SharedWorkspaceAclBroker - Conformance Tests 5. Query and Statistics should query ACL by principal","status":"passed","title":"should query ACL by principal","duration":0.2828000000004067,"failureMessages":[],"meta":{},"tags":[]},{"ancestorTitles":["SharedWorkspaceAclBroker - Conformance Tests","5. Query and Statistics"],"fullName":"SharedWorkspaceAclBroker - Conformance Tests 5. Query and Statistics should get workspace statistics","status":"passed","title":"should get workspace statistics","duration":0.7185999999996966,"failureMessages":[],"meta":{},"tags":[]},{"ancestorTitles":["SharedWorkspaceAclBroker - Conformance Tests","6. Fail-Safe Behavior"],"fullName":"SharedWorkspaceAclBroker - Conformance Tests 6. Fail-Safe Behavior should deny all when fail-safe is deny_all","status":"passed","title":"should deny all when fail-safe is deny_all","duration":0.3710000000000946,"failureMessages":[],"meta":{},"tags":[]},{"ancestorTitles":["SharedWorkspaceAclBroker - Conformance Tests","6. Fail-Safe Behavior"],"fullName":"SharedWorkspaceAclBroker - Conformance Tests 6. Fail-Safe Behavior should allow all when fail-safe is allow_all","status":"passed","title":"should allow all when fail-safe is allow_all","duration":0.2155999999999949,"failureMessages":[],"meta":{},"tags":[]},{"ancestorTitles":["SharedWorkspaceAclBroker - Conformance Tests","7. Concurrent Access"],"fullName":"SharedWorkspaceAclBroker - Conformance Tests 7. Concurrent Access should handle concurrent grants","status":"passed","title":"should handle concurrent grants","duration":0.6970999999998639,"failureMessages":[],"meta":{},"tags":[]},{"ancestorTitles":["SharedWorkspaceAclBroker - Conformance Tests","8. Access Level Transitions"],"fullName":"SharedWorkspaceAclBroker - Conformance Tests 8. Access Level Transitions should support upgrading viewer to editor","status":"passed","title":"should support upgrading viewer to editor","duration":0.2755000000001928,"failureMessages":[],"meta":{},"tags":[]}],"startTime":1776564345671,"endTime":1776564347916.2754,"status":"passed","message":"","name":"C:/code-server-enterprise/tests/unit/shared-workspace-acl/conformance.spec.ts"},{"assertionResults":[{"ancestorTitles":["PolicyBundleVerifier - Conformance Test Suite","1. Basic Structure Validation"],"fullName":"PolicyBundleVerifier - Conformance Test Suite 1. Basic Structure Validation should accept valid bundle with all required fields","status":"passed","title":"should accept valid bundle with all required fields","duration":14.03489999999988,"failureMessages":[],"meta":{},"tags":[]},{"ancestorTitles":["PolicyBundleVerifier - Conformance Test Suite","1. Basic Structure Validation"],"fullName":"PolicyBundleVerifier - Conformance Test Suite 1. Basic Structure Validation should reject bundle missing required field: version","status":"passed","title":"should reject bundle missing required field: version","duration":2.0670000000000073,"failureMessages":[],"meta":{},"tags":[]},{"ancestorTitles":["PolicyBundleVerifier - Conformance Test Suite","1. Basic Structure Validation"],"fullName":"PolicyBundleVerifier - Conformance Test Suite 1. Basic Structure Validation should reject bundle missing required field: signature","status":"passed","title":"should reject bundle missing required field: signature","duration":1.0785000000000764,"failureMessages":[],"meta":{},"tags":[]},{"ancestorTitles":["PolicyBundleVerifier - Conformance Test Suite","1. Basic Structure Validation"],"fullName":"PolicyBundleVerifier - Conformance Test Suite 1. Basic Structure Validation should reject bundle with invalid identity type","status":"passed","title":"should reject bundle with invalid identity type","duration":1.1105999999999767,"failureMessages":[],"meta":{},"tags":[]},{"ancestorTitles":["PolicyBundleVerifier - Conformance Test Suite","1. Basic Structure Validation"],"fullName":"PolicyBundleVerifier - Conformance Test Suite 1. Basic Structure Validation should reject bundle with invalid timestamp types","status":"passed","title":"should reject bundle with invalid timestamp types","duration":0.9103999999999814,"failureMessages":[],"meta":{},"tags":[]},{"ancestorTitles":["PolicyBundleVerifier - Conformance Test Suite","2. Expiry Validation"],"fullName":"PolicyBundleVerifier - Conformance Test Suite 2. Expiry Validation should reject expired bundle","status":"passed","title":"should reject expired bundle","duration":1.2199999999998,"failureMessages":[],"meta":{},"tags":[]},{"ancestorTitles":["PolicyBundleVerifier - Conformance Test Suite","2. Expiry Validation"],"fullName":"PolicyBundleVerifier - Conformance Test Suite 2. Expiry Validation should accept bundle near expiry within clock skew","status":"passed","title":"should accept bundle near expiry within clock skew","duration":0.7134999999998399,"failureMessages":[],"meta":{},"tags":[]},{"ancestorTitles":["PolicyBundleVerifier - Conformance Test Suite","2. Expiry Validation"],"fullName":"PolicyBundleVerifier - Conformance Test Suite 2. Expiry Validation should reject bundle not yet valid (future iat)","status":"passed","title":"should reject bundle not yet valid (future iat)","duration":0.8476000000000568,"failureMessages":[],"meta":{},"tags":[]},{"ancestorTitles":["PolicyBundleVerifier - Conformance Test Suite","2. Expiry Validation"],"fullName":"PolicyBundleVerifier - Conformance Test Suite 2. Expiry Validation should reject bundle with iat >= exp","status":"passed","title":"should reject bundle with iat >= exp","duration":0.8998999999998887,"failureMessages":[],"meta":{},"tags":[]},{"ancestorTitles":["PolicyBundleVerifier - Conformance Test Suite","3. Identity Assertion Validation"],"fullName":"PolicyBundleVerifier - Conformance Test Suite 3. Identity Assertion Validation should reject identity missing required field: email","status":"passed","title":"should reject identity missing required field: email","duration":1.2316000000000713,"failureMessages":[],"meta":{},"tags":[]},{"ancestorTitles":["PolicyBundleVerifier - Conformance Test Suite","3. Identity Assertion Validation"],"fullName":"PolicyBundleVerifier - Conformance Test Suite 3. Identity Assertion Validation should reject identity missing required field: sub","status":"passed","title":"should reject identity missing required field: sub","duration":1.1503000000000156,"failureMessages":[],"meta":{},"tags":[]},{"ancestorTitles":["PolicyBundleVerifier - Conformance Test Suite","3. Identity Assertion Validation"],"fullName":"PolicyBundleVerifier - Conformance Test Suite 3. Identity Assertion Validation should reject identity missing required field: roles","status":"passed","title":"should reject identity missing required field: roles","duration":1.092600000000175,"failureMessages":[],"meta":{},"tags":[]},{"ancestorTitles":["PolicyBundleVerifier - Conformance Test Suite","3. Identity Assertion Validation"],"fullName":"PolicyBundleVerifier - Conformance Test Suite 3. Identity Assertion Validation should reject invalid email format","status":"passed","title":"should reject invalid email format","duration":0.8566000000000713,"failureMessages":[],"meta":{},"tags":[]},{"ancestorTitles":["PolicyBundleVerifier - Conformance Test Suite","3. Identity Assertion Validation"],"fullName":"PolicyBundleVerifier - Conformance Test Suite 3. Identity Assertion Validation should reject empty roles array","status":"passed","title":"should reject empty roles array","duration":0.9261000000001332,"failureMessages":[],"meta":{},"tags":[]},{"ancestorTitles":["PolicyBundleVerifier - Conformance Test Suite","3. Identity Assertion Validation"],"fullName":"PolicyBundleVerifier - Conformance Test Suite 3. Identity Assertion Validation should reject roles field if not an array","status":"passed","title":"should reject roles field if not an array","duration":0.7093999999999596,"failureMessages":[],"meta":{},"tags":[]},{"ancestorTitles":["PolicyBundleVerifier - Conformance Test Suite","4. Issuer and Audience Validation"],"fullName":"PolicyBundleVerifier - Conformance Test Suite 4. Issuer and Audience Validation should reject bundle with mismatched issuer","status":"passed","title":"should reject bundle with mismatched issuer","duration":0.7042000000001281,"failureMessages":[],"meta":{},"tags":[]},{"ancestorTitles":["PolicyBundleVerifier - Conformance Test Suite","4. Issuer and Audience Validation"],"fullName":"PolicyBundleVerifier - Conformance Test Suite 4. Issuer and Audience Validation should reject bundle with non-code-server contract_id","status":"passed","title":"should reject bundle with non-code-server contract_id","duration":0.6240000000000236,"failureMessages":[],"meta":{},"tags":[]},{"ancestorTitles":["PolicyBundleVerifier - Conformance Test Suite","4. Issuer and Audience Validation"],"fullName":"PolicyBundleVerifier - Conformance Test Suite 4. Issuer and Audience Validation should accept bundle with correct issuer","status":"passed","title":"should accept bundle with correct issuer","duration":0.5472999999999502,"failureMessages":[],"meta":{},"tags":[]},{"ancestorTitles":["PolicyBundleVerifier - Conformance Test Suite","5. Version Compatibility"],"fullName":"PolicyBundleVerifier - Conformance Test Suite 5. Version Compatibility should accept bundle with same version as local","status":"passed","title":"should accept bundle with same version as local","duration":0.4931000000001404,"failureMessages":[],"meta":{},"tags":[]},{"ancestorTitles":["PolicyBundleVerifier - Conformance Test Suite","5. Version Compatibility"],"fullName":"PolicyBundleVerifier - Conformance Test Suite 5. Version Compatibility should accept bundle with lower minor version (backward compatible)","status":"passed","title":"should accept bundle with lower minor version (backward compatible)","duration":0.4579999999998563,"failureMessages":[],"meta":{},"tags":[]},{"ancestorTitles":["PolicyBundleVerifier - Conformance Test Suite","5. Version Compatibility"],"fullName":"PolicyBundleVerifier - Conformance Test Suite 5. Version Compatibility should warn on version downgrade","status":"passed","title":"should warn on version downgrade","duration":0.6657999999999902,"failureMessages":[],"meta":{},"tags":[]},{"ancestorTitles":["PolicyBundleVerifier - Conformance Test Suite","5. Version Compatibility"],"fullName":"PolicyBundleVerifier - Conformance Test Suite 5. Version Compatibility should reject bundle with higher major version (incompatible)","status":"passed","title":"should reject bundle with higher major version (incompatible)","duration":0.6212000000000444,"failureMessages":[],"meta":{},"tags":[]},{"ancestorTitles":["PolicyBundleVerifier - Conformance Test Suite","6. Caching"],"fullName":"PolicyBundleVerifier - Conformance Test Suite 6. Caching should cache verified bundle","status":"passed","title":"should cache verified bundle","duration":1.0104000000001179,"failureMessages":[],"meta":{},"tags":[]},{"ancestorTitles":["PolicyBundleVerifier - Conformance Test Suite","6. Caching"],"fullName":"PolicyBundleVerifier - Conformance Test Suite 6. Caching should return null for expired cache","status":"passed","title":"should return null for expired cache","duration":1108.8113,"failureMessages":[],"meta":{},"tags":[]},{"ancestorTitles":["PolicyBundleVerifier - Conformance Test Suite","6. Caching"],"fullName":"PolicyBundleVerifier - Conformance Test Suite 6. Caching should clear cache on demand","status":"passed","title":"should clear cache on demand","duration":1.5338999999999032,"failureMessages":[],"meta":{},"tags":[]},{"ancestorTitles":["PolicyBundleVerifier - Conformance Test Suite","7. Fail-safe Mode"],"fullName":"PolicyBundleVerifier - Conformance Test Suite 7. Fail-safe Mode should return deny-mutating mode without cached bundle","status":"passed","title":"should return deny-mutating mode without cached bundle","duration":1.2321999999999207,"failureMessages":[],"meta":{},"tags":[]},{"ancestorTitles":["PolicyBundleVerifier - Conformance Test Suite","7. Fail-safe Mode"],"fullName":"PolicyBundleVerifier - Conformance Test Suite 7. Fail-safe Mode should return read-only-cache mode with cached bundle","status":"passed","title":"should return read-only-cache mode with cached bundle","duration":0.610899999999674,"failureMessages":[],"meta":{},"tags":[]},{"ancestorTitles":["PolicyBundleVerifier - Conformance Test Suite","8. Performance Metrics"],"fullName":"PolicyBundleVerifier - Conformance Test Suite 8. Performance Metrics should record verification time","status":"passed","title":"should record verification time","duration":0.9287999999996828,"failureMessages":[],"meta":{},"tags":[]},{"ancestorTitles":["PolicyBundleVerifier - Conformance Test Suite","8. Performance Metrics"],"fullName":"PolicyBundleVerifier - Conformance Test Suite 8. Performance Metrics should complete verification in reasonable time","status":"passed","title":"should complete verification in reasonable time","duration":0.6424999999999272,"failureMessages":[],"meta":{},"tags":[]},{"ancestorTitles":["PolicyBundleVerifier - Conformance Test Suite","9. Factory Function"],"fullName":"PolicyBundleVerifier - Conformance Test Suite 9. Factory Function should create verifier with environment variables","status":"passed","title":"should create verifier with environment variables","duration":1.5493000000001302,"failureMessages":[],"meta":{},"tags":[]},{"ancestorTitles":["PolicyBundleVerifier - Conformance Test Suite","10. Multiple Error Scenarios"],"fullName":"PolicyBundleVerifier - Conformance Test Suite 10. Multiple Error Scenarios should collect multiple errors in single verification","status":"passed","title":"should collect multiple errors in single verification","duration":0.9074000000000524,"failureMessages":[],"meta":{},"tags":[]},{"ancestorTitles":["Contract Compatibility Matrix"],"fullName":"Contract Compatibility Matrix [Compatibility] Same version: local 1.0 vs bundle 1.0","status":"passed","title":"[Compatibility] Same version: local 1.0 vs bundle 1.0","duration":0.7009000000002743,"failureMessages":[],"meta":{},"tags":[]},{"ancestorTitles":["Contract Compatibility Matrix"],"fullName":"Contract Compatibility Matrix [Compatibility] Downgrade warning: local 1.0 vs bundle 0.9","status":"passed","title":"[Compatibility] Downgrade warning: local 1.0 vs bundle 0.9","duration":0.5412999999998647,"failureMessages":[],"meta":{},"tags":[]},{"ancestorTitles":["Contract Compatibility Matrix"],"fullName":"Contract Compatibility Matrix [Compatibility] Major version mismatch: local 1.0 vs bundle 2.0","status":"passed","title":"[Compatibility] Major version mismatch: local 1.0 vs bundle 2.0","duration":0.7773000000001957,"failureMessages":[],"meta":{},"tags":[]},{"ancestorTitles":["Contract Compatibility Matrix"],"fullName":"Contract Compatibility Matrix [Compatibility] Minor downgrade: local 1.5 vs bundle 1.0","status":"passed","title":"[Compatibility] Minor downgrade: local 1.5 vs bundle 1.0","duration":0.4319000000000415,"failureMessages":[],"meta":{},"tags":[]},{"ancestorTitles":["Contract Compatibility Matrix"],"fullName":"Contract Compatibility Matrix [Compatibility] Exact match: local 1.5 vs bundle 1.5","status":"passed","title":"[Compatibility] Exact match: local 1.5 vs bundle 1.5","duration":0.37820000000010623,"failureMessages":[],"meta":{},"tags":[]}],"startTime":1776564345710,"endTime":1776564346866.432,"status":"passed","message":"","name":"C:/code-server-enterprise/tests/unit/policy-bundle-verifier/conformance.spec.ts"},{"assertionResults":[{"ancestorTitles":["RevocationBroker - Strict Enforcement Tests","1. Targeted User Revocation (No Global Restart)"],"fullName":"RevocationBroker - Strict Enforcement Tests 1. Targeted User Revocation (No Global Restart) should revoke user without global restart","status":"passed","title":"should revoke user without global restart","duration":8.368799999999965,"failureMessages":[],"meta":{},"tags":[]},{"ancestorTitles":["RevocationBroker - Strict Enforcement Tests","1. Targeted User Revocation (No Global Restart)"],"fullName":"RevocationBroker - Strict Enforcement Tests 1. Targeted User Revocation (No Global Restart) should deny operations after user revocation","status":"passed","title":"should deny operations after user revocation","duration":2.350599999999986,"failureMessages":[],"meta":{},"tags":[]},{"ancestorTitles":["RevocationBroker - Strict Enforcement Tests","1. Targeted User Revocation (No Global Restart)"],"fullName":"RevocationBroker - Strict Enforcement Tests 1. Targeted User Revocation (No Global Restart) should allow operations after revocation restored","status":"passed","title":"should allow operations after revocation restored","duration":1.2378000000001066,"failureMessages":[],"meta":{},"tags":[]},{"ancestorTitles":["RevocationBroker - Strict Enforcement Tests","2. Targeted Session Revocation"],"fullName":"RevocationBroker - Strict Enforcement Tests 2. Targeted Session Revocation should revoke specific session","status":"passed","title":"should revoke specific session","duration":1.0349999999998545,"failureMessages":[],"meta":{},"tags":[]},{"ancestorTitles":["RevocationBroker - Strict Enforcement Tests","2. Targeted Session Revocation"],"fullName":"RevocationBroker - Strict Enforcement Tests 2. Targeted Session Revocation should not affect other sessions of same user","status":"passed","title":"should not affect other sessions of same user","duration":0.9744000000000597,"failureMessages":[],"meta":{},"tags":[]},{"ancestorTitles":["RevocationBroker - Strict Enforcement Tests","3. Privilege Revocation"],"fullName":"RevocationBroker - Strict Enforcement Tests 3. Privilege Revocation should revoke specific privilege","status":"passed","title":"should revoke specific privilege","duration":0.9068999999999505,"failureMessages":[],"meta":{},"tags":[]},{"ancestorTitles":["RevocationBroker - Strict Enforcement Tests","4. Unknown Revocation State = DENY (Fail-Safe)"],"fullName":"RevocationBroker - Strict Enforcement Tests 4. Unknown Revocation State = DENY (Fail-Safe) should deny privileged operation for unknown revocation state by default","status":"passed","title":"should deny privileged operation for unknown revocation state by default","duration":0.7292999999999665,"failureMessages":[],"meta":{},"tags":[]},{"ancestorTitles":["RevocationBroker - Strict Enforcement Tests","4. Unknown Revocation State = DENY (Fail-Safe)"],"fullName":"RevocationBroker - Strict Enforcement Tests 4. Unknown Revocation State = DENY (Fail-Safe) should allow operation when unknown behavior is ALLOW","status":"passed","title":"should allow operation when unknown behavior is ALLOW","duration":0.650000000000091,"failureMessages":[],"meta":{},"tags":[]},{"ancestorTitles":["RevocationBroker - Strict Enforcement Tests","4. Unknown Revocation State = DENY (Fail-Safe)"],"fullName":"RevocationBroker - Strict Enforcement Tests 4. Unknown Revocation State = DENY (Fail-Safe) should use default unknown behavior (DENY) for privileged operations","status":"passed","title":"should use default unknown behavior (DENY) for privileged operations","duration":0.9351999999998952,"failureMessages":[],"meta":{},"tags":[]},{"ancestorTitles":["RevocationBroker - Strict Enforcement Tests","5. Emergency Revocation (<5s SLO)"],"fullName":"RevocationBroker - Strict Enforcement Tests 5. Emergency Revocation (<5s SLO) should meet p95 SLO for emergency revocation","status":"passed","title":"should meet p95 SLO for emergency revocation","duration":34.13520000000017,"failureMessages":[],"meta":{},"tags":[]},{"ancestorTitles":["RevocationBroker - Strict Enforcement Tests","5. Emergency Revocation (<5s SLO)"],"fullName":"RevocationBroker - Strict Enforcement Tests 5. Emergency Revocation (<5s SLO) should record emergency revocation SLO metrics","status":"passed","title":"should record emergency revocation SLO metrics","duration":31.756200000000035,"failureMessages":[],"meta":{},"tags":[]},{"ancestorTitles":["RevocationBroker - Strict Enforcement Tests","6. Scheduled Revocation (Future Effective)"],"fullName":"RevocationBroker - Strict Enforcement Tests 6. Scheduled Revocation (Future Effective) should not apply revocation until effective time","status":"passed","title":"should not apply revocation until effective time","duration":0.9572000000000571,"failureMessages":[],"meta":{},"tags":[]},{"ancestorTitles":["RevocationBroker - Strict Enforcement Tests","7. Expiring Revocation (Auto-Restore)"],"fullName":"RevocationBroker - Strict Enforcement Tests 7. Expiring Revocation (Auto-Restore) should auto-restore revocation after expiry","status":"passed","title":"should auto-restore revocation after expiry","duration":1502.0839,"failureMessages":[],"meta":{},"tags":[]},{"ancestorTitles":["RevocationBroker - Strict Enforcement Tests","8. Revocation Drill - SLO Validation"],"fullName":"RevocationBroker - Strict Enforcement Tests 8. Revocation Drill - SLO Validation should execute revocation drill within SLO","status":"passed","title":"should execute revocation drill within SLO","duration":64.78580000000011,"failureMessages":[],"meta":{},"tags":[]},{"ancestorTitles":["RevocationBroker - Strict Enforcement Tests","8. Revocation Drill - SLO Validation"],"fullName":"RevocationBroker - Strict Enforcement Tests 8. Revocation Drill - SLO Validation should provide latency distribution for p95/p99","status":"passed","title":"should provide latency distribution for p95/p99","duration":319.9403000000002,"failureMessages":[],"meta":{},"tags":[]},{"ancestorTitles":["RevocationBroker - Strict Enforcement Tests","9. Multi-Scope Revocations (Independent)"],"fullName":"RevocationBroker - Strict Enforcement Tests 9. Multi-Scope Revocations (Independent) should allow user revocation while permission revocation exists","status":"passed","title":"should allow user revocation while permission revocation exists","duration":0.4457999999999629,"failureMessages":[],"meta":{},"tags":[]},{"ancestorTitles":["RevocationBroker - Strict Enforcement Tests","10. Audit Trail & Correlation ID"],"fullName":"RevocationBroker - Strict Enforcement Tests 10. Audit Trail & Correlation ID should record all revocation events with correlation ID","status":"passed","title":"should record all revocation events with correlation ID","duration":0.4560999999998785,"failureMessages":[],"meta":{},"tags":[]},{"ancestorTitles":["RevocationBroker - Strict Enforcement Tests","10. Audit Trail & Correlation ID"],"fullName":"RevocationBroker - Strict Enforcement Tests 10. Audit Trail & Correlation ID should deny privileged operation with proper audit context","status":"passed","title":"should deny privileged operation with proper audit context","duration":0.43260000000009313,"failureMessages":[],"meta":{},"tags":[]},{"ancestorTitles":["RevocationBroker - Strict Enforcement Tests","11. Caching & Performance"],"fullName":"RevocationBroker - Strict Enforcement Tests 11. Caching & Performance should use cache for repeated revocation checks","status":"passed","title":"should use cache for repeated revocation checks","duration":1.4113999999999578,"failureMessages":[],"meta":{},"tags":[]},{"ancestorTitles":["RevocationBroker - Strict Enforcement Tests","11. Caching & Performance"],"fullName":"RevocationBroker - Strict Enforcement Tests 11. Caching & Performance should invalidate cache when revocation is applied","status":"passed","title":"should invalidate cache when revocation is applied","duration":0.38859999999976935,"failureMessages":[],"meta":{},"tags":[]},{"ancestorTitles":["RevocationBroker - Strict Enforcement Tests","12. Error Handling & Recovery"],"fullName":"RevocationBroker - Strict Enforcement Tests 12. Error Handling & Recovery should fail safely on propagation error","status":"passed","title":"should fail safely on propagation error","duration":0.3374999999996362,"failureMessages":[],"meta":{},"tags":[]},{"ancestorTitles":["RevocationBroker - Strict Enforcement Tests","12. Error Handling & Recovery"],"fullName":"RevocationBroker - Strict Enforcement Tests 12. Error Handling & Recovery should handle non-existent revocation restore gracefully","status":"passed","title":"should handle non-existent revocation restore gracefully","duration":0.28430000000025757,"failureMessages":[],"meta":{},"tags":[]}],"startTime":1776564345676,"endTime":1776564347659.3887,"status":"passed","message":"","name":"C:/code-server-enterprise/tests/unit/revocation-broker/enforcement.spec.ts"}]}