{"numTotalTestSuites":58,"numPassedTestSuites":58,"numFailedTestSuites":0,"numPendingTestSuites":0,"numTotalTests":124,"numPassedTests":124,"numFailedTests":0,"numPendingTests":0,"numTodoTests":0,"snapshot":{"added":0,"failure":false,"filesAdded":0,"filesRemoved":0,"filesRemovedList":[],"filesUnmatched":0,"filesUpdated":0,"matched":0,"total":0,"unchecked":0,"uncheckedKeysByFile":[],"unmatched":0,"updated":0,"didUpdate":false},"startTime":1776561516532,"success":true,"testResults":[{"assertionResults":[{"ancestorTitles":["PolicyBundleVerifier - Conformance Test Suite","1. Basic Structure Validation"],"fullName":"PolicyBundleVerifier - Conformance Test Suite 1. Basic Structure Validation should accept valid bundle with all required fields","status":"passed","title":"should accept valid bundle with all required fields","duration":5.110600000000034,"failureMessages":[],"meta":{},"tags":[]},{"ancestorTitles":["PolicyBundleVerifier - Conformance Test Suite","1. Basic Structure Validation"],"fullName":"PolicyBundleVerifier - Conformance Test Suite 1. Basic Structure Validation should reject bundle missing required field: version","status":"passed","title":"should reject bundle missing required field: version","duration":0.6507000000000289,"failureMessages":[],"meta":{},"tags":[]},{"ancestorTitles":["PolicyBundleVerifier - Conformance Test Suite","1. Basic Structure Validation"],"fullName":"PolicyBundleVerifier - Conformance Test Suite 1. Basic Structure Validation should reject bundle missing required field: signature","status":"passed","title":"should reject bundle missing required field: signature","duration":0.36939999999998463,"failureMessages":[],"meta":{},"tags":[]},{"ancestorTitles":["PolicyBundleVerifier - Conformance Test Suite","1. Basic Structure Validation"],"fullName":"PolicyBundleVerifier - Conformance Test Suite 1. Basic Structure Validation should reject bundle with invalid identity type","status":"passed","title":"should reject bundle with invalid identity type","duration":0.3346000000000231,"failureMessages":[],"meta":{},"tags":[]},{"ancestorTitles":["PolicyBundleVerifier - Conformance Test Suite","1. Basic Structure Validation"],"fullName":"PolicyBundleVerifier - Conformance Test Suite 1. Basic Structure Validation should reject bundle with invalid timestamp types","status":"passed","title":"should reject bundle with invalid timestamp types","duration":0.26900000000000546,"failureMessages":[],"meta":{},"tags":[]},{"ancestorTitles":["PolicyBundleVerifier - Conformance Test Suite","2. Expiry Validation"],"fullName":"PolicyBundleVerifier - Conformance Test Suite 2. Expiry Validation should reject expired bundle","status":"passed","title":"should reject expired bundle","duration":0.41250000000002274,"failureMessages":[],"meta":{},"tags":[]},{"ancestorTitles":["PolicyBundleVerifier - Conformance Test Suite","2. Expiry Validation"],"fullName":"PolicyBundleVerifier - Conformance Test Suite 2. Expiry Validation should accept bundle near expiry within clock skew","status":"passed","title":"should accept bundle near expiry within clock skew","duration":0.2329000000000292,"failureMessages":[],"meta":{},"tags":[]},{"ancestorTitles":["PolicyBundleVerifier - Conformance Test Suite","2. Expiry Validation"],"fullName":"PolicyBundleVerifier - Conformance Test Suite 2. Expiry Validation should reject bundle not yet valid (future iat)","status":"passed","title":"should reject bundle not yet valid (future iat)","duration":0.26619999999996935,"failureMessages":[],"meta":{},"tags":[]},{"ancestorTitles":["PolicyBundleVerifier - Conformance Test Suite","2. Expiry Validation"],"fullName":"PolicyBundleVerifier - Conformance Test Suite 2. Expiry Validation should reject bundle with iat >= exp","status":"passed","title":"should reject bundle with iat >= exp","duration":0.2499000000000251,"failureMessages":[],"meta":{},"tags":[]},{"ancestorTitles":["PolicyBundleVerifier - Conformance Test Suite","3. Identity Assertion Validation"],"fullName":"PolicyBundleVerifier - Conformance Test Suite 3. Identity Assertion Validation should reject identity missing required field: email","status":"passed","title":"should reject identity missing required field: email","duration":0.3453999999999837,"failureMessages":[],"meta":{},"tags":[]},{"ancestorTitles":["PolicyBundleVerifier - Conformance Test Suite","3. Identity Assertion Validation"],"fullName":"PolicyBundleVerifier - Conformance Test Suite 3. Identity Assertion Validation should reject identity missing required field: sub","status":"passed","title":"should reject identity missing required field: sub","duration":0.35190000000000055,"failureMessages":[],"meta":{},"tags":[]},{"ancestorTitles":["PolicyBundleVerifier - Conformance Test Suite","3. Identity Assertion Validation"],"fullName":"PolicyBundleVerifier - Conformance Test Suite 3. Identity Assertion Validation should reject identity missing required field: roles","status":"passed","title":"should reject identity missing required field: roles","duration":0.23210000000000264,"failureMessages":[],"meta":{},"tags":[]},{"ancestorTitles":["PolicyBundleVerifier - Conformance Test Suite","3. Identity Assertion Validation"],"fullName":"PolicyBundleVerifier - Conformance Test Suite 3. Identity Assertion Validation should reject invalid email format","status":"passed","title":"should reject invalid email format","duration":0.1974999999999909,"failureMessages":[],"meta":{},"tags":[]},{"ancestorTitles":["PolicyBundleVerifier - Conformance Test Suite","3. Identity Assertion Validation"],"fullName":"PolicyBundleVerifier - Conformance Test Suite 3. Identity Assertion Validation should reject empty roles array","status":"passed","title":"should reject empty roles array","duration":0.2326999999999657,"failureMessages":[],"meta":{},"tags":[]},{"ancestorTitles":["PolicyBundleVerifier - Conformance Test Suite","3. Identity Assertion Validation"],"fullName":"PolicyBundleVerifier - Conformance Test Suite 3. Identity Assertion Validation should reject roles field if not an array","status":"passed","title":"should reject roles field if not an array","duration":0.27350000000001273,"failureMessages":[],"meta":{},"tags":[]},{"ancestorTitles":["PolicyBundleVerifier - Conformance Test Suite","4. Issuer and Audience Validation"],"fullName":"PolicyBundleVerifier - Conformance Test Suite 4. Issuer and Audience Validation should reject bundle with mismatched issuer","status":"passed","title":"should reject bundle with mismatched issuer","duration":0.20429999999998927,"failureMessages":[],"meta":{},"tags":[]},{"ancestorTitles":["PolicyBundleVerifier - Conformance Test Suite","4. Issuer and Audience Validation"],"fullName":"PolicyBundleVerifier - Conformance Test Suite 4. Issuer and Audience Validation should reject bundle with non-code-server contract_id","status":"passed","title":"should reject bundle with non-code-server contract_id","duration":0.1483000000000061,"failureMessages":[],"meta":{},"tags":[]},{"ancestorTitles":["PolicyBundleVerifier - Conformance Test Suite","4. Issuer and Audience Validation"],"fullName":"PolicyBundleVerifier - Conformance Test Suite 4. Issuer and Audience Validation should accept bundle with correct issuer","status":"passed","title":"should accept bundle with correct issuer","duration":0.22699999999997544,"failureMessages":[],"meta":{},"tags":[]},{"ancestorTitles":["PolicyBundleVerifier - Conformance Test Suite","5. Version Compatibility"],"fullName":"PolicyBundleVerifier - Conformance Test Suite 5. Version Compatibility should accept bundle with same version as local","status":"passed","title":"should accept bundle with same version as local","duration":0.31150000000002365,"failureMessages":[],"meta":{},"tags":[]},{"ancestorTitles":["PolicyBundleVerifier - Conformance Test Suite","5. Version Compatibility"],"fullName":"PolicyBundleVerifier - Conformance Test Suite 5. Version Compatibility should accept bundle with lower minor version (backward compatible)","status":"passed","title":"should accept bundle with lower minor version (backward compatible)","duration":0.5722999999999843,"failureMessages":[],"meta":{},"tags":[]},{"ancestorTitles":["PolicyBundleVerifier - Conformance Test Suite","5. Version Compatibility"],"fullName":"PolicyBundleVerifier - Conformance Test Suite 5. Version Compatibility should warn on version downgrade","status":"passed","title":"should warn on version downgrade","duration":0.4130999999999858,"failureMessages":[],"meta":{},"tags":[]},{"ancestorTitles":["PolicyBundleVerifier - Conformance Test Suite","5. Version Compatibility"],"fullName":"PolicyBundleVerifier - Conformance Test Suite 5. Version Compatibility should reject bundle with higher major version (incompatible)","status":"passed","title":"should reject bundle with higher major version (incompatible)","duration":0.40869999999995343,"failureMessages":[],"meta":{},"tags":[]},{"ancestorTitles":["PolicyBundleVerifier - Conformance Test Suite","6. Caching"],"fullName":"PolicyBundleVerifier - Conformance Test Suite 6. Caching should cache verified bundle","status":"passed","title":"should cache verified bundle","duration":0.386099999999999,"failureMessages":[],"meta":{},"tags":[]},{"ancestorTitles":["PolicyBundleVerifier - Conformance Test Suite","6. Caching"],"fullName":"PolicyBundleVerifier - Conformance Test Suite 6. Caching should return null for expired cache","status":"passed","title":"should return null for expired cache","duration":1106.7458000000001,"failureMessages":[],"meta":{},"tags":[]},{"ancestorTitles":["PolicyBundleVerifier - Conformance Test Suite","6. Caching"],"fullName":"PolicyBundleVerifier - Conformance Test Suite 6. Caching should clear cache on demand","status":"passed","title":"should clear cache on demand","duration":0.22019999999997708,"failureMessages":[],"meta":{},"tags":[]},{"ancestorTitles":["PolicyBundleVerifier - Conformance Test Suite","7. Fail-safe Mode"],"fullName":"PolicyBundleVerifier - Conformance Test Suite 7. Fail-safe Mode should return deny-mutating mode without cached bundle","status":"passed","title":"should return deny-mutating mode without cached bundle","duration":0.13869999999997162,"failureMessages":[],"meta":{},"tags":[]},{"ancestorTitles":["PolicyBundleVerifier - Conformance Test Suite","7. Fail-safe Mode"],"fullName":"PolicyBundleVerifier - Conformance Test Suite 7. Fail-safe Mode should return read-only-cache mode with cached bundle","status":"passed","title":"should return read-only-cache mode with cached bundle","duration":0.07619999999997162,"failureMessages":[],"meta":{},"tags":[]},{"ancestorTitles":["PolicyBundleVerifier - Conformance Test Suite","8. Performance Metrics"],"fullName":"PolicyBundleVerifier - Conformance Test Suite 8. Performance Metrics should record verification time","status":"passed","title":"should record verification time","duration":0.10269999999991342,"failureMessages":[],"meta":{},"tags":[]},{"ancestorTitles":["PolicyBundleVerifier - Conformance Test Suite","8. Performance Metrics"],"fullName":"PolicyBundleVerifier - Conformance Test Suite 8. Performance Metrics should complete verification in reasonable time","status":"passed","title":"should complete verification in reasonable time","duration":0.061599999999998545,"failureMessages":[],"meta":{},"tags":[]},{"ancestorTitles":["PolicyBundleVerifier - Conformance Test Suite","9. Factory Function"],"fullName":"PolicyBundleVerifier - Conformance Test Suite 9. Factory Function should create verifier with environment variables","status":"passed","title":"should create verifier with environment variables","duration":0.22029999999995198,"failureMessages":[],"meta":{},"tags":[]},{"ancestorTitles":["PolicyBundleVerifier - Conformance Test Suite","10. Multiple Error Scenarios"],"fullName":"PolicyBundleVerifier - Conformance Test Suite 10. Multiple Error Scenarios should collect multiple errors in single verification","status":"passed","title":"should collect multiple errors in single verification","duration":0.16279999999983374,"failureMessages":[],"meta":{},"tags":[]},{"ancestorTitles":["Contract Compatibility Matrix"],"fullName":"Contract Compatibility Matrix [Compatibility] Same version: local 1.0 vs bundle 1.0","status":"passed","title":"[Compatibility] Same version: local 1.0 vs bundle 1.0","duration":0.11540000000013606,"failureMessages":[],"meta":{},"tags":[]},{"ancestorTitles":["Contract Compatibility Matrix"],"fullName":"Contract Compatibility Matrix [Compatibility] Downgrade warning: local 1.0 vs bundle 0.9","status":"passed","title":"[Compatibility] Downgrade warning: local 1.0 vs bundle 0.9","duration":0.040199999999913416,"failureMessages":[],"meta":{},"tags":[]},{"ancestorTitles":["Contract Compatibility Matrix"],"fullName":"Contract Compatibility Matrix [Compatibility] Major version mismatch: local 1.0 vs bundle 2.0","status":"passed","title":"[Compatibility] Major version mismatch: local 1.0 vs bundle 2.0","duration":0.05880000000001928,"failureMessages":[],"meta":{},"tags":[]},{"ancestorTitles":["Contract Compatibility Matrix"],"fullName":"Contract Compatibility Matrix [Compatibility] Minor downgrade: local 1.5 vs bundle 1.0","status":"passed","title":"[Compatibility] Minor downgrade: local 1.5 vs bundle 1.0","duration":0.03440000000000509,"failureMessages":[],"meta":{},"tags":[]},{"ancestorTitles":["Contract Compatibility Matrix"],"fullName":"Contract Compatibility Matrix [Compatibility] Exact match: local 1.5 vs bundle 1.5","status":"passed","title":"[Compatibility] Exact match: local 1.5 vs bundle 1.5","duration":0.029199999999946158,"failureMessages":[],"meta":{},"tags":[]}],"startTime":1776561516996,"endTime":1776561518117.1628,"status":"passed","message":"","name":"C:/code-server-enterprise/tests/unit/policy-bundle-verifier/conformance.spec.ts"},{"assertionResults":[{"ancestorTitles":["RevocationBroker - Strict Enforcement Tests","1. Targeted User Revocation (No Global Restart)"],"fullName":"RevocationBroker - Strict Enforcement Tests 1. Targeted User Revocation (No Global Restart) should revoke user without global restart","status":"passed","title":"should revoke user without global restart","duration":3.408299999999997,"failureMessages":[],"meta":{},"tags":[]},{"ancestorTitles":["RevocationBroker - Strict Enforcement Tests","1. Targeted User Revocation (No Global Restart)"],"fullName":"RevocationBroker - Strict Enforcement Tests 1. Targeted User Revocation (No Global Restart) should deny operations after user revocation","status":"passed","title":"should deny operations after user revocation","duration":0.7509999999999764,"failureMessages":[],"meta":{},"tags":[]},{"ancestorTitles":["RevocationBroker - Strict Enforcement Tests","1. Targeted User Revocation (No Global Restart)"],"fullName":"RevocationBroker - Strict Enforcement Tests 1. Targeted User Revocation (No Global Restart) should allow operations after revocation restored","status":"passed","title":"should allow operations after revocation restored","duration":0.43830000000002656,"failureMessages":[],"meta":{},"tags":[]},{"ancestorTitles":["RevocationBroker - Strict Enforcement Tests","2. Targeted Session Revocation"],"fullName":"RevocationBroker - Strict Enforcement Tests 2. Targeted Session Revocation should revoke specific session","status":"passed","title":"should revoke specific session","duration":0.40210000000001855,"failureMessages":[],"meta":{},"tags":[]},{"ancestorTitles":["RevocationBroker - Strict Enforcement Tests","2. Targeted Session Revocation"],"fullName":"RevocationBroker - Strict Enforcement Tests 2. Targeted Session Revocation should not affect other sessions of same user","status":"passed","title":"should not affect other sessions of same user","duration":0.5840999999999781,"failureMessages":[],"meta":{},"tags":[]},{"ancestorTitles":["RevocationBroker - Strict Enforcement Tests","3. Privilege Revocation"],"fullName":"RevocationBroker - Strict Enforcement Tests 3. Privilege Revocation should revoke specific privilege","status":"passed","title":"should revoke specific privilege","duration":0.5085000000000264,"failureMessages":[],"meta":{},"tags":[]},{"ancestorTitles":["RevocationBroker - Strict Enforcement Tests","4. Unknown Revocation State = DENY (Fail-Safe)"],"fullName":"RevocationBroker - Strict Enforcement Tests 4. Unknown Revocation State = DENY (Fail-Safe) should deny privileged operation for unknown revocation state by default","status":"passed","title":"should deny privileged operation for unknown revocation state by default","duration":0.39809999999999945,"failureMessages":[],"meta":{},"tags":[]},{"ancestorTitles":["RevocationBroker - Strict Enforcement Tests","4. Unknown Revocation State = DENY (Fail-Safe)"],"fullName":"RevocationBroker - Strict Enforcement Tests 4. Unknown Revocation State = DENY (Fail-Safe) should allow operation when unknown behavior is ALLOW","status":"passed","title":"should allow operation when unknown behavior is ALLOW","duration":0.37229999999999563,"failureMessages":[],"meta":{},"tags":[]},{"ancestorTitles":["RevocationBroker - Strict Enforcement Tests","4. Unknown Revocation State = DENY (Fail-Safe)"],"fullName":"RevocationBroker - Strict Enforcement Tests 4. Unknown Revocation State = DENY (Fail-Safe) should use default unknown behavior (DENY) for privileged operations","status":"passed","title":"should use default unknown behavior (DENY) for privileged operations","duration":0.33639999999996917,"failureMessages":[],"meta":{},"tags":[]},{"ancestorTitles":["RevocationBroker - Strict Enforcement Tests","5. Emergency Revocation (<5s SLO)"],"fullName":"RevocationBroker - Strict Enforcement Tests 5. Emergency Revocation (<5s SLO) should meet p95 SLO for emergency revocation","status":"passed","title":"should meet p95 SLO for emergency revocation","duration":29.466399999999965,"failureMessages":[],"meta":{},"tags":[]},{"ancestorTitles":["RevocationBroker - Strict Enforcement Tests","5. Emergency Revocation (<5s SLO)"],"fullName":"RevocationBroker - Strict Enforcement Tests 5. Emergency Revocation (<5s SLO) should record emergency revocation SLO metrics","status":"passed","title":"should record emergency revocation SLO metrics","duration":30.3596,"failureMessages":[],"meta":{},"tags":[]},{"ancestorTitles":["RevocationBroker - Strict Enforcement Tests","6. Scheduled Revocation (Future Effective)"],"fullName":"RevocationBroker - Strict Enforcement Tests 6. Scheduled Revocation (Future Effective) should not apply revocation until effective time","status":"passed","title":"should not apply revocation until effective time","duration":0.3036999999999921,"failureMessages":[],"meta":{},"tags":[]},{"ancestorTitles":["RevocationBroker - Strict Enforcement Tests","7. Expiring Revocation (Auto-Restore)"],"fullName":"RevocationBroker - Strict Enforcement Tests 7. Expiring Revocation (Auto-Restore) should auto-restore revocation after expiry","status":"passed","title":"should auto-restore revocation after expiry","duration":1502.2749,"failureMessages":[],"meta":{},"tags":[]},{"ancestorTitles":["RevocationBroker - Strict Enforcement Tests","8. Revocation Drill - SLO Validation"],"fullName":"RevocationBroker - Strict Enforcement Tests 8. Revocation Drill - SLO Validation should execute revocation drill within SLO","status":"passed","title":"should execute revocation drill within SLO","duration":62.825199999999995,"failureMessages":[],"meta":{},"tags":[]},{"ancestorTitles":["RevocationBroker - Strict Enforcement Tests","8. Revocation Drill - SLO Validation"],"fullName":"RevocationBroker - Strict Enforcement Tests 8. Revocation Drill - SLO Validation should provide latency distribution for p95/p99","status":"passed","title":"should provide latency distribution for p95/p99","duration":310.37020000000007,"failureMessages":[],"meta":{},"tags":[]},{"ancestorTitles":["RevocationBroker - Strict Enforcement Tests","9. Multi-Scope Revocations (Independent)"],"fullName":"RevocationBroker - Strict Enforcement Tests 9. Multi-Scope Revocations (Independent) should allow user revocation while permission revocation exists","status":"passed","title":"should allow user revocation while permission revocation exists","duration":0.2155999999999949,"failureMessages":[],"meta":{},"tags":[]},{"ancestorTitles":["RevocationBroker - Strict Enforcement Tests","10. Audit Trail & Correlation ID"],"fullName":"RevocationBroker - Strict Enforcement Tests 10. Audit Trail & Correlation ID should record all revocation events with correlation ID","status":"passed","title":"should record all revocation events with correlation ID","duration":0.16920000000027358,"failureMessages":[],"meta":{},"tags":[]},{"ancestorTitles":["RevocationBroker - Strict Enforcement Tests","10. Audit Trail & Correlation ID"],"fullName":"RevocationBroker - Strict Enforcement Tests 10. Audit Trail & Correlation ID should deny privileged operation with proper audit context","status":"passed","title":"should deny privileged operation with proper audit context","duration":0.1251999999999498,"failureMessages":[],"meta":{},"tags":[]},{"ancestorTitles":["RevocationBroker - Strict Enforcement Tests","11. Caching & Performance"],"fullName":"RevocationBroker - Strict Enforcement Tests 11. Caching & Performance should use cache for repeated revocation checks","status":"passed","title":"should use cache for repeated revocation checks","duration":0.08490000000028886,"failureMessages":[],"meta":{},"tags":[]},{"ancestorTitles":["RevocationBroker - Strict Enforcement Tests","11. Caching & Performance"],"fullName":"RevocationBroker - Strict Enforcement Tests 11. Caching & Performance should invalidate cache when revocation is applied","status":"passed","title":"should invalidate cache when revocation is applied","duration":0.11380000000008295,"failureMessages":[],"meta":{},"tags":[]},{"ancestorTitles":["RevocationBroker - Strict Enforcement Tests","12. Error Handling & Recovery"],"fullName":"RevocationBroker - Strict Enforcement Tests 12. Error Handling & Recovery should fail safely on propagation error","status":"passed","title":"should fail safely on propagation error","duration":0.0929999999998472,"failureMessages":[],"meta":{},"tags":[]},{"ancestorTitles":["RevocationBroker - Strict Enforcement Tests","12. Error Handling & Recovery"],"fullName":"RevocationBroker - Strict Enforcement Tests 12. Error Handling & Recovery should handle non-existent revocation restore gracefully","status":"passed","title":"should handle non-existent revocation restore gracefully","duration":0.0828999999998814,"failureMessages":[],"meta":{},"tags":[]}],"startTime":1776561516988,"endTime":1776561518933.1138,"status":"passed","message":"","name":"C:/code-server-enterprise/tests/unit/revocation-broker/enforcement.spec.ts"},{"assertionResults":[{"ancestorTitles":["SessionBootstrapEnforcer - Bootstrap Integration Tests","1. Valid Bootstrap"],"fullName":"SessionBootstrapEnforcer - Bootstrap Integration Tests 1. Valid Bootstrap should successfully bootstrap with valid assertion","status":"passed","title":"should successfully bootstrap with valid assertion","duration":5.008899999999983,"failureMessages":[],"meta":{},"tags":[]},{"ancestorTitles":["SessionBootstrapEnforcer - Bootstrap Integration Tests","1. Valid Bootstrap"],"fullName":"SessionBootstrapEnforcer - Bootstrap Integration Tests 1. Valid Bootstrap should record proper audit events during bootstrap","status":"passed","title":"should record proper audit events during bootstrap","duration":1.0248000000000275,"failureMessages":[],"meta":{},"tags":[]},{"ancestorTitles":["SessionBootstrapEnforcer - Bootstrap Integration Tests","1. Valid Bootstrap"],"fullName":"SessionBootstrapEnforcer - Bootstrap Integration Tests 1. Valid Bootstrap should create session with correct expiry","status":"passed","title":"should create session with correct expiry","duration":0.9621000000000208,"failureMessages":[],"meta":{},"tags":[]},{"ancestorTitles":["SessionBootstrapEnforcer - Bootstrap Integration Tests","1. Valid Bootstrap"],"fullName":"SessionBootstrapEnforcer - Bootstrap Integration Tests 1. Valid Bootstrap should set enforcement mode to STRICT by default","status":"passed","title":"should set enforcement mode to STRICT by default","duration":0.7271000000000072,"failureMessages":[],"meta":{},"tags":[]},{"ancestorTitles":["SessionBootstrapEnforcer - Bootstrap Integration Tests","2. Invalid Assertion Rejection"],"fullName":"SessionBootstrapEnforcer - Bootstrap Integration Tests 2. Invalid Assertion Rejection should reject malformed JWT","status":"passed","title":"should reject malformed JWT","duration":0.5488000000000284,"failureMessages":[],"meta":{},"tags":[]},{"ancestorTitles":["SessionBootstrapEnforcer - Bootstrap Integration Tests","2. Invalid Assertion Rejection"],"fullName":"SessionBootstrapEnforcer - Bootstrap Integration Tests 2. Invalid Assertion Rejection should reject assertion with missing identity fields","status":"passed","title":"should reject assertion with missing identity fields","duration":1.1129999999999995,"failureMessages":[],"meta":{},"tags":[]},{"ancestorTitles":["SessionBootstrapEnforcer - Bootstrap Integration Tests","2. Invalid Assertion Rejection"],"fullName":"SessionBootstrapEnforcer - Bootstrap Integration Tests 2. Invalid Assertion Rejection should fail bootstrap if policy verification fails","status":"passed","title":"should fail bootstrap if policy verification fails","duration":0.42619999999999436,"failureMessages":[],"meta":{},"tags":[]},{"ancestorTitles":["SessionBootstrapEnforcer - Bootstrap Integration Tests","3. Privileged Operation Enforcement"],"fullName":"SessionBootstrapEnforcer - Bootstrap Integration Tests 3. Privileged Operation Enforcement should allow privileged operation for valid session","status":"passed","title":"should allow privileged operation for valid session","duration":0.5574000000000296,"failureMessages":[],"meta":{},"tags":[]},{"ancestorTitles":["SessionBootstrapEnforcer - Bootstrap Integration Tests","3. Privileged Operation Enforcement"],"fullName":"SessionBootstrapEnforcer - Bootstrap Integration Tests 3. Privileged Operation Enforcement should deny operation for expired session","status":"passed","title":"should deny operation for expired session","duration":1103.1544999999999,"failureMessages":[],"meta":{},"tags":[]},{"ancestorTitles":["SessionBootstrapEnforcer - Bootstrap Integration Tests","3. Privileged Operation Enforcement"],"fullName":"SessionBootstrapEnforcer - Bootstrap Integration Tests 3. Privileged Operation Enforcement should deny operation for non-existent session","status":"passed","title":"should deny operation for non-existent session","duration":0.25460000000020955,"failureMessages":[],"meta":{},"tags":[]},{"ancestorTitles":["SessionBootstrapEnforcer - Bootstrap Integration Tests","3. Privileged Operation Enforcement"],"fullName":"SessionBootstrapEnforcer - Bootstrap Integration Tests 3. Privileged Operation Enforcement should record audit event for privileged operation","status":"passed","title":"should record audit event for privileged operation","duration":0.3704999999999927,"failureMessages":[],"meta":{},"tags":[]},{"ancestorTitles":["SessionBootstrapEnforcer - Bootstrap Integration Tests","4. Session Lifecycle"],"fullName":"SessionBootstrapEnforcer - Bootstrap Integration Tests 4. Session Lifecycle should retrieve session after bootstrap","status":"passed","title":"should retrieve session after bootstrap","duration":0.26050000000009277,"failureMessages":[],"meta":{},"tags":[]},{"ancestorTitles":["SessionBootstrapEnforcer - Bootstrap Integration Tests","4. Session Lifecycle"],"fullName":"SessionBootstrapEnforcer - Bootstrap Integration Tests 4. Session Lifecycle should return undefined for non-existent session","status":"passed","title":"should return undefined for non-existent session","duration":0.08699999999998909,"failureMessages":[],"meta":{},"tags":[]},{"ancestorTitles":["SessionBootstrapEnforcer - Bootstrap Integration Tests","4. Session Lifecycle"],"fullName":"SessionBootstrapEnforcer - Bootstrap Integration Tests 4. Session Lifecycle should terminate session cleanly","status":"passed","title":"should terminate session cleanly","duration":0.19329999999990832,"failureMessages":[],"meta":{},"tags":[]},{"ancestorTitles":["SessionBootstrapEnforcer - Bootstrap Integration Tests","4. Session Lifecycle"],"fullName":"SessionBootstrapEnforcer - Bootstrap Integration Tests 4. Session Lifecycle should deny operations after session termination","status":"passed","title":"should deny operations after session termination","duration":0.1613999999999578,"failureMessages":[],"meta":{},"tags":[]},{"ancestorTitles":["SessionBootstrapEnforcer - Bootstrap Integration Tests","5. Policy Expiry"],"fullName":"SessionBootstrapEnforcer - Bootstrap Integration Tests 5. Policy Expiry should track policy expiration separately from session expiration","status":"passed","title":"should track policy expiration separately from session expiration","duration":0.2262999999998101,"failureMessages":[],"meta":{},"tags":[]},{"ancestorTitles":["SessionBootstrapEnforcer - Bootstrap Integration Tests","6. Fail-Safe Mode"],"fullName":"SessionBootstrapEnforcer - Bootstrap Integration Tests 6. Fail-Safe Mode should activate fail-safe mode on bootstrap failure","status":"passed","title":"should activate fail-safe mode on bootstrap failure","duration":0.15059999999994034,"failureMessages":[],"meta":{},"tags":[]},{"ancestorTitles":["SessionBootstrapEnforcer - Bootstrap Integration Tests","6. Fail-Safe Mode"],"fullName":"SessionBootstrapEnforcer - Bootstrap Integration Tests 6. Fail-Safe Mode should respect default fail-safe mode option","status":"passed","title":"should respect default fail-safe mode option","duration":0.09550000000012915,"failureMessages":[],"meta":{},"tags":[]},{"ancestorTitles":["SessionBootstrapEnforcer - Bootstrap Integration Tests","7. Audit Trail"],"fullName":"SessionBootstrapEnforcer - Bootstrap Integration Tests 7. Audit Trail should maintain correlation ID across audit events","status":"passed","title":"should maintain correlation ID across audit events","duration":0.13199999999983447,"failureMessages":[],"meta":{},"tags":[]},{"ancestorTitles":["SessionBootstrapEnforcer - Bootstrap Integration Tests","7. Audit Trail"],"fullName":"SessionBootstrapEnforcer - Bootstrap Integration Tests 7. Audit Trail should record detailed event information","status":"passed","title":"should record detailed event information","duration":0.13639999999986685,"failureMessages":[],"meta":{},"tags":[]},{"ancestorTitles":["SessionBootstrapEnforcer - Bootstrap Integration Tests","8. Multiple Identity Types"],"fullName":"SessionBootstrapEnforcer - Bootstrap Integration Tests 8. Multiple Identity Types should support multiple roles in identity","status":"passed","title":"should support multiple roles in identity","duration":0.3932999999999538,"failureMessages":[],"meta":{},"tags":[]}],"startTime":1776561517018,"endTime":1776561518134.3933,"status":"passed","message":"","name":"C:/code-server-enterprise/tests/unit/session-bootstrap-enforcer/bootstrap.spec.ts"},{"assertionResults":[{"ancestorTitles":["SharedWorkspaceAclBroker - Conformance Tests","1. Grant Access"],"fullName":"SharedWorkspaceAclBroker - Conformance Tests 1. Grant Access should grant viewer access to workspace","status":"passed","title":"should grant viewer access to workspace","duration":5.240599999999972,"failureMessages":[],"meta":{},"tags":[]},{"ancestorTitles":["SharedWorkspaceAclBroker - Conformance Tests","1. Grant Access"],"fullName":"SharedWorkspaceAclBroker - Conformance Tests 1. Grant Access should grant editor access with expiry","status":"passed","title":"should grant editor access with expiry","duration":0.6878999999999564,"failureMessages":[],"meta":{},"tags":[]},{"ancestorTitles":["SharedWorkspaceAclBroker - Conformance Tests","1. Grant Access"],"fullName":"SharedWorkspaceAclBroker - Conformance Tests 1. Grant Access should grant access with auto-revoke on expiry","status":"passed","title":"should grant access with auto-revoke on expiry","duration":1105.4266000000002,"failureMessages":[],"meta":{},"tags":[]},{"ancestorTitles":["SharedWorkspaceAclBroker - Conformance Tests","1. Grant Access"],"fullName":"SharedWorkspaceAclBroker - Conformance Tests 1. Grant Access should record audit trail on grant","status":"passed","title":"should record audit trail on grant","duration":0.38769999999999527,"failureMessages":[],"meta":{},"tags":[]},{"ancestorTitles":["SharedWorkspaceAclBroker - Conformance Tests","2. Revoke Access"],"fullName":"SharedWorkspaceAclBroker - Conformance Tests 2. Revoke Access should revoke granted access","status":"passed","title":"should revoke granted access","duration":0.23279999999999745,"failureMessages":[],"meta":{},"tags":[]},{"ancestorTitles":["SharedWorkspaceAclBroker - Conformance Tests","2. Revoke Access"],"fullName":"SharedWorkspaceAclBroker - Conformance Tests 2. Revoke Access should deny access after revocation","status":"passed","title":"should deny access after revocation","duration":0.21029999999996107,"failureMessages":[],"meta":{},"tags":[]},{"ancestorTitles":["SharedWorkspaceAclBroker - Conformance Tests","2. Revoke Access"],"fullName":"SharedWorkspaceAclBroker - Conformance Tests 2. Revoke Access should prevent owner revocation","status":"passed","title":"should prevent owner revocation","duration":0.15709999999990032,"failureMessages":[],"meta":{},"tags":[]},{"ancestorTitles":["SharedWorkspaceAclBroker - Conformance Tests","2. Revoke Access"],"fullName":"SharedWorkspaceAclBroker - Conformance Tests 2. Revoke Access should record emergency revocation audit","status":"passed","title":"should record emergency revocation audit","duration":0.19920000000001892,"failureMessages":[],"meta":{},"tags":[]},{"ancestorTitles":["SharedWorkspaceAclBroker - Conformance Tests","3. Access Checking"],"fullName":"SharedWorkspaceAclBroker - Conformance Tests 3. Access Checking should allow owner all operations","status":"passed","title":"should allow owner all operations","duration":0.4381999999998243,"failureMessages":[],"meta":{},"tags":[]},{"ancestorTitles":["SharedWorkspaceAclBroker - Conformance Tests","3. Access Checking"],"fullName":"SharedWorkspaceAclBroker - Conformance Tests 3. Access Checking should allow viewer read-only operations","status":"passed","title":"should allow viewer read-only operations","duration":0.3967999999999847,"failureMessages":[],"meta":{},"tags":[]},{"ancestorTitles":["SharedWorkspaceAclBroker - Conformance Tests","3. Access Checking"],"fullName":"SharedWorkspaceAclBroker - Conformance Tests 3. Access Checking should allow editor read and write","status":"passed","title":"should allow editor read and write","duration":0.19679999999993925,"failureMessages":[],"meta":{},"tags":[]},{"ancestorTitles":["SharedWorkspaceAclBroker - Conformance Tests","3. Access Checking"],"fullName":"SharedWorkspaceAclBroker - Conformance Tests 3. Access Checking should deny unknown principal","status":"passed","title":"should deny unknown principal","duration":0.11039999999979955,"failureMessages":[],"meta":{},"tags":[]},{"ancestorTitles":["SharedWorkspaceAclBroker - Conformance Tests","3. Access Checking"],"fullName":"SharedWorkspaceAclBroker - Conformance Tests 3. Access Checking should deny access when lease expired","status":"passed","title":"should deny access when lease expired","duration":1107.4853999999998,"failureMessages":[],"meta":{},"tags":[]},{"ancestorTitles":["SharedWorkspaceAclBroker - Conformance Tests","4. Operation Enforcement"],"fullName":"SharedWorkspaceAclBroker - Conformance Tests 4. Operation Enforcement should enforce allowed operation","status":"passed","title":"should enforce allowed operation","duration":0.3328000000001339,"failureMessages":[],"meta":{},"tags":[]},{"ancestorTitles":["SharedWorkspaceAclBroker - Conformance Tests","4. Operation Enforcement"],"fullName":"SharedWorkspaceAclBroker - Conformance Tests 4. Operation Enforcement should enforce denied operation with locked mode","status":"passed","title":"should enforce denied operation with locked mode","duration":0.11259999999992942,"failureMessages":[],"meta":{},"tags":[]},{"ancestorTitles":["SharedWorkspaceAclBroker - Conformance Tests","5. Query and Statistics"],"fullName":"SharedWorkspaceAclBroker - Conformance Tests 5. Query and Statistics should query ACL by workspace","status":"passed","title":"should query ACL by workspace","duration":0.3305000000000291,"failureMessages":[],"meta":{},"tags":[]},{"ancestorTitles":["SharedWorkspaceAclBroker - Conformance Tests","5. Query and Statistics"],"fullName":"SharedWorkspaceAclBroker - Conformance Tests 5. Query and Statistics should query ACL by principal","status":"passed","title":"should query ACL by principal","duration":0.10060000000021319,"failureMessages":[],"meta":{},"tags":[]},{"ancestorTitles":["SharedWorkspaceAclBroker - Conformance Tests","5. Query and Statistics"],"fullName":"SharedWorkspaceAclBroker - Conformance Tests 5. Query and Statistics should get workspace statistics","status":"passed","title":"should get workspace statistics","duration":0.3139000000001033,"failureMessages":[],"meta":{},"tags":[]},{"ancestorTitles":["SharedWorkspaceAclBroker - Conformance Tests","6. Fail-Safe Behavior"],"fullName":"SharedWorkspaceAclBroker - Conformance Tests 6. Fail-Safe Behavior should deny all when fail-safe is deny_all","status":"passed","title":"should deny all when fail-safe is deny_all","duration":0.17000000000007276,"failureMessages":[],"meta":{},"tags":[]},{"ancestorTitles":["SharedWorkspaceAclBroker - Conformance Tests","6. Fail-Safe Behavior"],"fullName":"SharedWorkspaceAclBroker - Conformance Tests 6. Fail-Safe Behavior should allow all when fail-safe is allow_all","status":"passed","title":"should allow all when fail-safe is allow_all","duration":0.06769999999960419,"failureMessages":[],"meta":{},"tags":[]},{"ancestorTitles":["SharedWorkspaceAclBroker - Conformance Tests","7. Concurrent Access"],"fullName":"SharedWorkspaceAclBroker - Conformance Tests 7. Concurrent Access should handle concurrent grants","status":"passed","title":"should handle concurrent grants","duration":0.3753999999998996,"failureMessages":[],"meta":{},"tags":[]},{"ancestorTitles":["SharedWorkspaceAclBroker - Conformance Tests","8. Access Level Transitions"],"fullName":"SharedWorkspaceAclBroker - Conformance Tests 8. Access Level Transitions should support upgrading viewer to editor","status":"passed","title":"should support upgrading viewer to editor","duration":0.13099999999985812,"failureMessages":[],"meta":{},"tags":[]}],"startTime":1776561516988,"endTime":1776561519212.3755,"status":"passed","message":"","name":"C:/code-server-enterprise/tests/unit/shared-workspace-acl/conformance.spec.ts"},{"assertionResults":[{"ancestorTitles":["EphemeralWorkspaceLifecycleManager - Conformance Tests","1. Workspace Creation with TTL"],"fullName":"EphemeralWorkspaceLifecycleManager - Conformance Tests 1. Workspace Creation with TTL should create workspace with default TTL","status":"passed","title":"should create workspace with default TTL","duration":2.7778999999999883,"failureMessages":[],"meta":{},"tags":[]},{"ancestorTitles":["EphemeralWorkspaceLifecycleManager - Conformance Tests","1. Workspace Creation with TTL"],"fullName":"EphemeralWorkspaceLifecycleManager - Conformance Tests 1. Workspace Creation with TTL should create workspace with custom TTL","status":"passed","title":"should create workspace with custom TTL","duration":0.4533000000000129,"failureMessages":[],"meta":{},"tags":[]},{"ancestorTitles":["EphemeralWorkspaceLifecycleManager - Conformance Tests","1. Workspace Creation with TTL"],"fullName":"EphemeralWorkspaceLifecycleManager - Conformance Tests 1. Workspace Creation with TTL should reject TTL below minimum","status":"passed","title":"should reject TTL below minimum","duration":0.36250000000001137,"failureMessages":[],"meta":{},"tags":[]},{"ancestorTitles":["EphemeralWorkspaceLifecycleManager - Conformance Tests","1. Workspace Creation with TTL"],"fullName":"EphemeralWorkspaceLifecycleManager - Conformance Tests 1. Workspace Creation with TTL should record creation event in audit trail","status":"passed","title":"should record creation event in audit trail","duration":0.352800000000002,"failureMessages":[],"meta":{},"tags":[]},{"ancestorTitles":["EphemeralWorkspaceLifecycleManager - Conformance Tests","2. Workspace Lifecycle States"],"fullName":"EphemeralWorkspaceLifecycleManager - Conformance Tests 2. Workspace Lifecycle States should transition from requested to ready","status":"passed","title":"should transition from requested to ready","duration":0.3715000000000259,"failureMessages":[],"meta":{},"tags":[]},{"ancestorTitles":["EphemeralWorkspaceLifecycleManager - Conformance Tests","2. Workspace Lifecycle States"],"fullName":"EphemeralWorkspaceLifecycleManager - Conformance Tests 2. Workspace Lifecycle States should transition from ready to connected","status":"passed","title":"should transition from ready to connected","duration":0.31799999999998363,"failureMessages":[],"meta":{},"tags":[]},{"ancestorTitles":["EphemeralWorkspaceLifecycleManager - Conformance Tests","2. Workspace Lifecycle States"],"fullName":"EphemeralWorkspaceLifecycleManager - Conformance Tests 2. Workspace Lifecycle States should update activity and reset idle state","status":"passed","title":"should update activity and reset idle state","duration":100.01930000000004,"failureMessages":[],"meta":{},"tags":[]},{"ancestorTitles":["EphemeralWorkspaceLifecycleManager - Conformance Tests","3. Idle Detection"],"fullName":"EphemeralWorkspaceLifecycleManager - Conformance Tests 3. Idle Detection should detect idle workspace after timeout","status":"passed","title":"should detect idle workspace after timeout","duration":0.39819999999997435,"failureMessages":[],"meta":{},"tags":[]},{"ancestorTitles":["EphemeralWorkspaceLifecycleManager - Conformance Tests","3. Idle Detection"],"fullName":"EphemeralWorkspaceLifecycleManager - Conformance Tests 3. Idle Detection should transition to idle state","status":"passed","title":"should transition to idle state","duration":0.31740000000002055,"failureMessages":[],"meta":{},"tags":[]},{"ancestorTitles":["EphemeralWorkspaceLifecycleManager - Conformance Tests","4. Pausing and Snapshots"],"fullName":"EphemeralWorkspaceLifecycleManager - Conformance Tests 4. Pausing and Snapshots should pause workspace and create snapshot","status":"passed","title":"should pause workspace and create snapshot","duration":0.4575999999999567,"failureMessages":[],"meta":{},"tags":[]},{"ancestorTitles":["EphemeralWorkspaceLifecycleManager - Conformance Tests","4. Pausing and Snapshots"],"fullName":"EphemeralWorkspaceLifecycleManager - Conformance Tests 4. Pausing and Snapshots should record pause event with snapshot details","status":"passed","title":"should record pause event with snapshot details","duration":0.29330000000004475,"failureMessages":[],"meta":{},"tags":[]},{"ancestorTitles":["EphemeralWorkspaceLifecycleManager - Conformance Tests","4. Pausing and Snapshots"],"fullName":"EphemeralWorkspaceLifecycleManager - Conformance Tests 4. Pausing and Snapshots should resume from paused state","status":"passed","title":"should resume from paused state","duration":0.233600000000024,"failureMessages":[],"meta":{},"tags":[]},{"ancestorTitles":["EphemeralWorkspaceLifecycleManager - Conformance Tests","5. TTL Expiry"],"fullName":"EphemeralWorkspaceLifecycleManager - Conformance Tests 5. TTL Expiry should detect expired TTL","status":"passed","title":"should detect expired TTL","duration":0.29529999999999745,"failureMessages":[],"meta":{},"tags":[]},{"ancestorTitles":["EphemeralWorkspaceLifecycleManager - Conformance Tests","5. TTL Expiry"],"fullName":"EphemeralWorkspaceLifecycleManager - Conformance Tests 5. TTL Expiry should auto-terminate on TTL expiry","status":"passed","title":"should auto-terminate on TTL expiry","duration":0.14049999999997453,"failureMessages":[],"meta":{},"tags":[]},{"ancestorTitles":["EphemeralWorkspaceLifecycleManager - Conformance Tests","6. Termination and Cleanup"],"fullName":"EphemeralWorkspaceLifecycleManager - Conformance Tests 6. Termination and Cleanup should terminate workspace","status":"passed","title":"should terminate workspace","duration":0.16250000000002274,"failureMessages":[],"meta":{},"tags":[]},{"ancestorTitles":["EphemeralWorkspaceLifecycleManager - Conformance Tests","6. Termination and Cleanup"],"fullName":"EphemeralWorkspaceLifecycleManager - Conformance Tests 6. Termination and Cleanup should cleanup workspace after termination","status":"passed","title":"should cleanup workspace after termination","duration":106.76239999999996,"failureMessages":[],"meta":{},"tags":[]},{"ancestorTitles":["EphemeralWorkspaceLifecycleManager - Conformance Tests","6. Termination and Cleanup"],"fullName":"EphemeralWorkspaceLifecycleManager - Conformance Tests 6. Termination and Cleanup should record cleanup events","status":"passed","title":"should record cleanup events","duration":0.3891000000000986,"failureMessages":[],"meta":{},"tags":[]},{"ancestorTitles":["EphemeralWorkspaceLifecycleManager - Conformance Tests","7. Cascade Cleanup (ACL Revocation)"],"fullName":"EphemeralWorkspaceLifecycleManager - Conformance Tests 7. Cascade Cleanup (ACL Revocation) should support cascade cleanup callbacks","status":"passed","title":"should support cascade cleanup callbacks","duration":106.40300000000002,"failureMessages":[],"meta":{},"tags":[]},{"ancestorTitles":["EphemeralWorkspaceLifecycleManager - Conformance Tests","7. Cascade Cleanup (ACL Revocation)"],"fullName":"EphemeralWorkspaceLifecycleManager - Conformance Tests 7. Cascade Cleanup (ACL Revocation) should pass correlation ID through cascade cleanup","status":"passed","title":"should pass correlation ID through cascade cleanup","duration":110.24130000000002,"failureMessages":[],"meta":{},"tags":[]},{"ancestorTitles":["EphemeralWorkspaceLifecycleManager - Conformance Tests","8. Statistics and Monitoring"],"fullName":"EphemeralWorkspaceLifecycleManager - Conformance Tests 8. Statistics and Monitoring should collect workspace statistics","status":"passed","title":"should collect workspace statistics","duration":0.5791000000000395,"failureMessages":[],"meta":{},"tags":[]},{"ancestorTitles":["EphemeralWorkspaceLifecycleManager - Conformance Tests","8. Statistics and Monitoring"],"fullName":"EphemeralWorkspaceLifecycleManager - Conformance Tests 8. Statistics and Monitoring should track snapshot usage","status":"passed","title":"should track snapshot usage","duration":0.2905000000000655,"failureMessages":[],"meta":{},"tags":[]},{"ancestorTitles":["EphemeralWorkspaceLifecycleManager - Conformance Tests","9. Multiple Workspaces Concurrently"],"fullName":"EphemeralWorkspaceLifecycleManager - Conformance Tests 9. Multiple Workspaces Concurrently should handle multiple workspaces independently","status":"passed","title":"should handle multiple workspaces independently","duration":0.505100000000084,"failureMessages":[],"meta":{},"tags":[]},{"ancestorTitles":["EphemeralWorkspaceLifecycleManager - Conformance Tests","9. Multiple Workspaces Concurrently"],"fullName":"EphemeralWorkspaceLifecycleManager - Conformance Tests 9. Multiple Workspaces Concurrently should track each workspace's lifecycle independently","status":"passed","title":"should track each workspace's lifecycle independently","duration":0.21880000000010114,"failureMessages":[],"meta":{},"tags":[]}],"startTime":1776561517013,"endTime":1776561517446.5051,"status":"passed","message":"","name":"C:/code-server-enterprise/tests/unit/ephemeral-workspace-lifecycle/conformance.spec.ts"}]}