<testsuites id="" name="" tests="23" failures="0" skipped="5" errors="18" time="24.91262">
<testsuite name="authenticated-session-persistence.spec.ts" timestamp="2026-04-20T22:48:24.327Z" hostname="chromium" tests="6" failures="0" skipped="0" time="0.042" errors="6">
<testcase name="Authenticated Session Persistence › authenticated context loads without OAuth redirect" classname="authenticated-session-persistence.spec.ts" time="0.007">
<system-out>
<![CDATA[
[[ATTACHMENT|..\e2e\test-results\authenticated-session-pers-4c308-oads-without-OAuth-redirect-chromium\error-context.md]]

[[ATTACHMENT|..\e2e\test-results\authenticated-session-pers-4c308-oads-without-OAuth-redirect-chromium\trace.zip]]
]]>
</system-out>
<error message="Error reading storage state from ./storage-state.json:" type="Error">
<![CDATA[  [chromium] › authenticated-session-persistence.spec.ts:20:7 › Authenticated Session Persistence › authenticated context loads without OAuth redirect 

    Error: Error reading storage state from ./storage-state.json:
    ENOENT: no such file or directory, open 'C:\code-server-enterprise\tests\e2e\storage-state.json'

    Error Context: ..\test-results\authenticated-session-pers-4c308-oads-without-OAuth-redirect-chromium\error-context.md

    attachment #2: trace (application/zip) ─────────────────────────────────────────────────────────
    ..\test-results\authenticated-session-pers-4c308-oads-without-OAuth-redirect-chromium\trace.zip
    Usage:

        npx playwright show-trace ..\test-results\authenticated-session-pers-4c308-oads-without-OAuth-redirect-chromium\trace.zip

    ────────────────────────────────────────────────────────────────────────────────────────────────
]]>
</error>
</testcase>
<testcase name="Authenticated Session Persistence › authenticated session persists across page reload" classname="authenticated-session-persistence.spec.ts" time="0.007">
<system-out>
<![CDATA[
[[ATTACHMENT|..\e2e\test-results\authenticated-session-pers-b8993-persists-across-page-reload-chromium\error-context.md]]

[[ATTACHMENT|..\e2e\test-results\authenticated-session-pers-b8993-persists-across-page-reload-chromium\trace.zip]]
]]>
</system-out>
<error message="Error reading storage state from ./storage-state.json:" type="Error">
<![CDATA[  [chromium] › authenticated-session-persistence.spec.ts:32:7 › Authenticated Session Persistence › authenticated session persists across page reload 

    Error: Error reading storage state from ./storage-state.json:
    ENOENT: no such file or directory, open 'C:\code-server-enterprise\tests\e2e\storage-state.json'

    Error Context: ..\test-results\authenticated-session-pers-b8993-persists-across-page-reload-chromium\error-context.md

    attachment #2: trace (application/zip) ─────────────────────────────────────────────────────────
    ..\test-results\authenticated-session-pers-b8993-persists-across-page-reload-chromium\trace.zip
    Usage:

        npx playwright show-trace ..\test-results\authenticated-session-pers-b8993-persists-across-page-reload-chromium\trace.zip

    ────────────────────────────────────────────────────────────────────────────────────────────────
]]>
</error>
</testcase>
<testcase name="Authenticated Session Persistence › authenticated session includes valid cookies" classname="authenticated-session-persistence.spec.ts" time="0.007">
<system-out>
<![CDATA[
[[ATTACHMENT|..\e2e\test-results\authenticated-session-pers-fd224-sion-includes-valid-cookies-chromium\error-context.md]]

[[ATTACHMENT|..\e2e\test-results\authenticated-session-pers-fd224-sion-includes-valid-cookies-chromium\trace.zip]]
]]>
</system-out>
<error message="Error reading storage state from ./storage-state.json:" type="Error">
<![CDATA[  [chromium] › authenticated-session-persistence.spec.ts:48:7 › Authenticated Session Persistence › authenticated session includes valid cookies 

    Error: Error reading storage state from ./storage-state.json:
    ENOENT: no such file or directory, open 'C:\code-server-enterprise\tests\e2e\storage-state.json'

    Error Context: ..\test-results\authenticated-session-pers-fd224-sion-includes-valid-cookies-chromium\error-context.md

    attachment #2: trace (application/zip) ─────────────────────────────────────────────────────────
    ..\test-results\authenticated-session-pers-fd224-sion-includes-valid-cookies-chromium\trace.zip
    Usage:

        npx playwright show-trace ..\test-results\authenticated-session-pers-fd224-sion-includes-valid-cookies-chromium\trace.zip

    ────────────────────────────────────────────────────────────────────────────────────────────────
]]>
</error>
</testcase>
<testcase name="Authenticated Session Persistence › authenticated session has localStorage tokens" classname="authenticated-session-persistence.spec.ts" time="0.007">
<system-out>
<![CDATA[
[[ATTACHMENT|..\e2e\test-results\authenticated-session-pers-78f20-ion-has-localStorage-tokens-chromium\error-context.md]]

[[ATTACHMENT|..\e2e\test-results\authenticated-session-pers-78f20-ion-has-localStorage-tokens-chromium\trace.zip]]
]]>
</system-out>
<error message="Error reading storage state from ./storage-state.json:" type="Error">
<![CDATA[  [chromium] › authenticated-session-persistence.spec.ts:71:7 › Authenticated Session Persistence › authenticated session has localStorage tokens 

    Error: Error reading storage state from ./storage-state.json:
    ENOENT: no such file or directory, open 'C:\code-server-enterprise\tests\e2e\storage-state.json'

    Error Context: ..\test-results\authenticated-session-pers-78f20-ion-has-localStorage-tokens-chromium\error-context.md

    attachment #2: trace (application/zip) ─────────────────────────────────────────────────────────
    ..\test-results\authenticated-session-pers-78f20-ion-has-localStorage-tokens-chromium\trace.zip
    Usage:

        npx playwright show-trace ..\test-results\authenticated-session-pers-78f20-ion-has-localStorage-tokens-chromium\trace.zip

    ────────────────────────────────────────────────────────────────────────────────────────────────
]]>
</error>
</testcase>
<testcase name="Authenticated Session Persistence › authenticated user can navigate protected routes" classname="authenticated-session-persistence.spec.ts" time="0.006">
<system-out>
<![CDATA[
[[ATTACHMENT|..\e2e\test-results\authenticated-session-pers-c7267-n-navigate-protected-routes-chromium\error-context.md]]

[[ATTACHMENT|..\e2e\test-results\authenticated-session-pers-c7267-n-navigate-protected-routes-chromium\trace.zip]]
]]>
</system-out>
<error message="Error reading storage state from ./storage-state.json:" type="Error">
<![CDATA[  [chromium] › authenticated-session-persistence.spec.ts:95:7 › Authenticated Session Persistence › authenticated user can navigate protected routes 

    Error: Error reading storage state from ./storage-state.json:
    ENOENT: no such file or directory, open 'C:\code-server-enterprise\tests\e2e\storage-state.json'

    Error Context: ..\test-results\authenticated-session-pers-c7267-n-navigate-protected-routes-chromium\error-context.md

    attachment #2: trace (application/zip) ─────────────────────────────────────────────────────────
    ..\test-results\authenticated-session-pers-c7267-n-navigate-protected-routes-chromium\trace.zip
    Usage:

        npx playwright show-trace ..\test-results\authenticated-session-pers-c7267-n-navigate-protected-routes-chromium\trace.zip

    ────────────────────────────────────────────────────────────────────────────────────────────────
]]>
</error>
</testcase>
<testcase name="Authenticated Session Persistence › authenticated context survives browser restart within same context" classname="authenticated-session-persistence.spec.ts" time="0.008">
<system-out>
<![CDATA[
[[ATTACHMENT|..\e2e\test-results\authenticated-session-pers-eac4f-restart-within-same-context-chromium\error-context.md]]

[[ATTACHMENT|..\e2e\test-results\authenticated-session-pers-eac4f-restart-within-same-context-chromium\trace.zip]]
]]>
</system-out>
<error message="Error reading storage state from ./storage-state.json:" type="Error">
<![CDATA[  [chromium] › authenticated-session-persistence.spec.ts:111:7 › Authenticated Session Persistence › authenticated context survives browser restart within same context 

    Error: Error reading storage state from ./storage-state.json:
    ENOENT: no such file or directory, open 'C:\code-server-enterprise\tests\e2e\storage-state.json'

    Error Context: ..\test-results\authenticated-session-pers-eac4f-restart-within-same-context-chromium\error-context.md

    attachment #2: trace (application/zip) ─────────────────────────────────────────────────────────
    ..\test-results\authenticated-session-pers-eac4f-restart-within-same-context-chromium\trace.zip
    Usage:

        npx playwright show-trace ..\test-results\authenticated-session-pers-eac4f-restart-within-same-context-chromium\trace.zip

    ────────────────────────────────────────────────────────────────────────────────────────────────
]]>
</error>
</testcase>
</testsuite>
<testsuite name="failover-session-continuity.spec.ts" timestamp="2026-04-20T22:48:24.327Z" hostname="chromium" tests="1" failures="0" skipped="0" time="0.446" errors="1">
<testcase name="unauthenticated continuity across failover window" classname="failover-session-continuity.spec.ts" time="0.446">
<system-out>
<![CDATA[
[[ATTACHMENT|..\e2e\test-results\failover-session-continuit-240d3-uity-across-failover-window-chromium\test-failed-1.png]]

[[ATTACHMENT|..\e2e\test-results\failover-session-continuit-240d3-uity-across-failover-window-chromium\video.webm]]

[[ATTACHMENT|..\e2e\test-results\failover-session-continuit-240d3-uity-across-failover-window-chromium\error-context.md]]

[[ATTACHMENT|..\e2e\test-results\failover-session-continuit-240d3-uity-across-failover-window-chromium\trace.zip]]
]]>
</system-out>
<error message="page.goto: net::ERR_SSL_PROTOCOL_ERROR at https://kushnir.cloud/" type="Error">
<![CDATA[  [chromium] › failover-session-continuity.spec.ts:5:5 › unauthenticated continuity across failover window 

    Error: page.goto: net::ERR_SSL_PROTOCOL_ERROR at https://kushnir.cloud/
    Call log:
      - navigating to "https://kushnir.cloud/", waiting until "domcontentloaded"


      4 |
      5 | test('unauthenticated continuity across failover window', async ({ page }) => {
    > 6 |   const response = await page.goto('/', { waitUntil: 'domcontentloaded' });
        |                               ^
      7 |   expect(response).not.toBeNull();
      8 |   expect([200, 301, 302, 303, 307, 308, 401, 403]).toContain(response?.status() || 0);
      9 |   expect(page.url()).toMatch(/kushnir\.cloud/);
        at C:\code-server-enterprise\tests\e2e\specs\failover-session-continuity.spec.ts:6:31

    attachment #1: screenshot (image/png) ──────────────────────────────────────────────────────────
    ..\test-results\failover-session-continuit-240d3-uity-across-failover-window-chromium\test-failed-1.png
    ────────────────────────────────────────────────────────────────────────────────────────────────

    attachment #2: video (video/webm) ──────────────────────────────────────────────────────────────
    ..\test-results\failover-session-continuit-240d3-uity-across-failover-window-chromium\video.webm
    ────────────────────────────────────────────────────────────────────────────────────────────────

    Error Context: ..\test-results\failover-session-continuit-240d3-uity-across-failover-window-chromium\error-context.md

    attachment #4: trace (application/zip) ─────────────────────────────────────────────────────────
    ..\test-results\failover-session-continuit-240d3-uity-across-failover-window-chromium\trace.zip
    Usage:

        npx playwright show-trace ..\test-results\failover-session-continuit-240d3-uity-across-failover-window-chromium\trace.zip

    ────────────────────────────────────────────────────────────────────────────────────────────────
]]>
</error>
</testcase>
</testsuite>
<testsuite name="kushnir-cloud-appsmith-login.spec.ts" timestamp="2026-04-20T22:48:24.327Z" hostname="chromium" tests="14" failures="0" skipped="5" time="1.158" errors="9">
<testcase name="kushnir.cloud Appsmith login path › portal static css is served as text/css" classname="kushnir-cloud-appsmith-login.spec.ts" time="0.102">
<system-out>
<![CDATA[
[[ATTACHMENT|..\e2e\test-results\kushnir-cloud-appsmith-log-65273-c-css-is-served-as-text-css-chromium\error-context.md]]

[[ATTACHMENT|..\e2e\test-results\kushnir-cloud-appsmith-log-65273-c-css-is-served-as-text-css-chromium\trace.zip]]
]]>
</system-out>
<error message="apiRequestContext.get: write EPROTO BC110000:error:0A000438:SSL routines:ssl3_read_bytes:tlsv1 alert internal error:openssl\ssl\record\rec_layer_s3.c:916:SSL alert number 80" type="Error">
<![CDATA[  [chromium] › kushnir-cloud-appsmith-login.spec.ts:78:7 › kushnir.cloud Appsmith login path › portal static css is served as text/css 

    Error: apiRequestContext.get: write EPROTO BC110000:error:0A000438:SSL routines:ssl3_read_bytes:tlsv1 alert internal error:openssl\ssl\record\rec_layer_s3.c:916:SSL alert number 80

    Call log:
      - → GET https://kushnir.cloud/static/css/main.c5955fd3.css
        - user-agent: Mozilla/5.0 (Windows NT 10.0; Win64; x64) AppleWebKit/537.36 (KHTML, like Gecko) Chrome/147.0.7727.15 Safari/537.36
        - accept: */*
        - accept-encoding: gzip,deflate,br


      77 | test.describe('kushnir.cloud Appsmith login path', () => {
      78 |   test('portal static css is served as text/css', async ({ request }) => {
    > 79 |     const response = await request.get(`${PORTAL_BASE_URL}${STATIC_CSS_PATH}`);
         |                                    ^
      80 |     expect(response.status()).toBe(200);
      81 |     const contentType = response.headers()['content-type'] || '';
      82 |     expect(contentType.toLowerCase()).toContain('text/css');
        at C:\code-server-enterprise\tests\e2e\specs\kushnir-cloud-appsmith-login.spec.ts:79:36

    Error Context: ..\test-results\kushnir-cloud-appsmith-log-65273-c-css-is-served-as-text-css-chromium\error-context.md

    attachment #2: trace (application/zip) ─────────────────────────────────────────────────────────
    ..\test-results\kushnir-cloud-appsmith-log-65273-c-css-is-served-as-text-css-chromium\trace.zip
    Usage:

        npx playwright show-trace ..\test-results\kushnir-cloud-appsmith-log-65273-c-css-is-served-as-text-css-chromium\trace.zip

    ────────────────────────────────────────────────────────────────────────────────────────────────
]]>
</error>
</testcase>
<testcase name="kushnir.cloud Appsmith login path › unauthenticated root redirects to oauth2 start endpoint" classname="kushnir-cloud-appsmith-login.spec.ts" time="0.092">
<system-out>
<![CDATA[
[[ATTACHMENT|..\e2e\test-results\kushnir-cloud-appsmith-log-79125-ts-to-oauth2-start-endpoint-chromium\error-context.md]]

[[ATTACHMENT|..\e2e\test-results\kushnir-cloud-appsmith-log-79125-ts-to-oauth2-start-endpoint-chromium\trace.zip]]
]]>
</system-out>
<error message="apiRequestContext.get: write EPROTO B4BF0000:error:0A000438:SSL routines:ssl3_read_bytes:tlsv1 alert internal error:openssl\ssl\record\rec_layer_s3.c:916:SSL alert number 80" type="Error">
<![CDATA[  [chromium] › kushnir-cloud-appsmith-login.spec.ts:85:7 › kushnir.cloud Appsmith login path › unauthenticated root redirects to oauth2 start endpoint 

    Error: apiRequestContext.get: write EPROTO B4BF0000:error:0A000438:SSL routines:ssl3_read_bytes:tlsv1 alert internal error:openssl\ssl\record\rec_layer_s3.c:916:SSL alert number 80

    Call log:
      - → GET https://kushnir.cloud/
        - user-agent: Mozilla/5.0 (Windows NT 10.0; Win64; x64) AppleWebKit/537.36 (KHTML, like Gecko) Chrome/147.0.7727.15 Safari/537.36
        - accept: */*
        - accept-encoding: gzip,deflate,br


      84 |
      85 |   test('unauthenticated root redirects to oauth2 start endpoint', async ({ request }) => {
    > 86 |     const response = await request.get(`${PORTAL_BASE_URL}/`, { maxRedirects: 0 });
         |                                    ^
      87 |     const status = response.status();
      88 |     expect([...REDIRECT_STATUSES, 401, 403]).toContain(status);
      89 |
        at C:\code-server-enterprise\tests\e2e\specs\kushnir-cloud-appsmith-login.spec.ts:86:36

    Error Context: ..\test-results\kushnir-cloud-appsmith-log-79125-ts-to-oauth2-start-endpoint-chromium\error-context.md

    attachment #2: trace (application/zip) ─────────────────────────────────────────────────────────
    ..\test-results\kushnir-cloud-appsmith-log-79125-ts-to-oauth2-start-endpoint-chromium\trace.zip
    Usage:

        npx playwright show-trace ..\test-results\kushnir-cloud-appsmith-log-79125-ts-to-oauth2-start-endpoint-chromium\trace.zip

    ────────────────────────────────────────────────────────────────────────────────────────────────
]]>
</error>
</testcase>
<testcase name="kushnir.cloud Appsmith login path › oauth2 start endpoint emits redirect with rd parameter preserved" classname="kushnir-cloud-appsmith-login.spec.ts" time="0.099">
<system-out>
<![CDATA[
[[ATTACHMENT|..\e2e\test-results\kushnir-cloud-appsmith-log-d43a8-with-rd-parameter-preserved-chromium\error-context.md]]

[[ATTACHMENT|..\e2e\test-results\kushnir-cloud-appsmith-log-d43a8-with-rd-parameter-preserved-chromium\trace.zip]]
]]>
</system-out>
<error message="apiRequestContext.get: write EPROTO 24190000:error:0A000438:SSL routines:ssl3_read_bytes:tlsv1 alert internal error:openssl\ssl\record\rec_layer_s3.c:916:SSL alert number 80" type="Error">
<![CDATA[  [chromium] › kushnir-cloud-appsmith-login.spec.ts:97:7 › kushnir.cloud Appsmith login path › oauth2 start endpoint emits redirect with rd parameter preserved 

    Error: apiRequestContext.get: write EPROTO 24190000:error:0A000438:SSL routines:ssl3_read_bytes:tlsv1 alert internal error:openssl\ssl\record\rec_layer_s3.c:916:SSL alert number 80

    Call log:
      - → GET https://kushnir.cloud/oauth2/start?rd=%2Fuser%2Flogin
        - user-agent: Mozilla/5.0 (Windows NT 10.0; Win64; x64) AppleWebKit/537.36 (KHTML, like Gecko) Chrome/147.0.7727.15 Safari/537.36
        - accept: */*
        - accept-encoding: gzip,deflate,br


      68 |
      69 | async function getRedirectLocation(requestUrl: string, request: { get: (url: string, options?: { maxRedirects?: number }) => Promise<{ status: () => number; headers: () => Record<string, string> }> }): Promise<{ status: number; location: string }> {
    > 70 |   const response = await request.get(requestUrl, { maxRedirects: 0 });
         |                                  ^
      71 |   return {
      72 |     status: response.status(),
      73 |     location: response.headers()['location'] || '',
        at getRedirectLocation (C:\code-server-enterprise\tests\e2e\specs\kushnir-cloud-appsmith-login.spec.ts:70:34)
        at C:\code-server-enterprise\tests\e2e\specs\kushnir-cloud-appsmith-login.spec.ts:99:40

    Error Context: ..\test-results\kushnir-cloud-appsmith-log-d43a8-with-rd-parameter-preserved-chromium\error-context.md

    attachment #2: trace (application/zip) ─────────────────────────────────────────────────────────
    ..\test-results\kushnir-cloud-appsmith-log-d43a8-with-rd-parameter-preserved-chromium\trace.zip
    Usage:

        npx playwright show-trace ..\test-results\kushnir-cloud-appsmith-log-d43a8-with-rd-parameter-preserved-chromium\trace.zip

    ────────────────────────────────────────────────────────────────────────────────────────────────
]]>
</error>
</testcase>
<testcase name="kushnir.cloud Appsmith login path › logout endpoint redirects through oauth2 sign out with return URL" classname="kushnir-cloud-appsmith-login.spec.ts" time="0.087">
<system-out>
<![CDATA[
[[ATTACHMENT|..\e2e\test-results\kushnir-cloud-appsmith-log-d08e9-h2-sign-out-with-return-URL-chromium\error-context.md]]

[[ATTACHMENT|..\e2e\test-results\kushnir-cloud-appsmith-log-d08e9-h2-sign-out-with-return-URL-chromium\trace.zip]]
]]>
</system-out>
<error message="apiRequestContext.get: write EPROTO 78190000:error:0A000438:SSL routines:ssl3_read_bytes:tlsv1 alert internal error:openssl\ssl\record\rec_layer_s3.c:916:SSL alert number 80" type="Error">
<![CDATA[  [chromium] › kushnir-cloud-appsmith-login.spec.ts:107:7 › kushnir.cloud Appsmith login path › logout endpoint redirects through oauth2 sign out with return URL 

    Error: apiRequestContext.get: write EPROTO 78190000:error:0A000438:SSL routines:ssl3_read_bytes:tlsv1 alert internal error:openssl\ssl\record\rec_layer_s3.c:916:SSL alert number 80

    Call log:
      - → GET https://kushnir.cloud/logout
        - user-agent: Mozilla/5.0 (Windows NT 10.0; Win64; x64) AppleWebKit/537.36 (KHTML, like Gecko) Chrome/147.0.7727.15 Safari/537.36
        - accept: */*
        - accept-encoding: gzip,deflate,br


      106 |
      107 |   test('logout endpoint redirects through oauth2 sign out with return URL', async ({ request }) => {
    > 108 |     const response = await request.get(`${PORTAL_BASE_URL}${AUTH_LOGOUT_PATH}`, { maxRedirects: 0 });
          |                                    ^
      109 |     expect(REDIRECT_STATUSES).toContain(response.status());
      110 |
      111 |     const location = response.headers()['location'] || '';
        at C:\code-server-enterprise\tests\e2e\specs\kushnir-cloud-appsmith-login.spec.ts:108:36

    Error Context: ..\test-results\kushnir-cloud-appsmith-log-d08e9-h2-sign-out-with-return-URL-chromium\error-context.md

    attachment #2: trace (application/zip) ─────────────────────────────────────────────────────────
    ..\test-results\kushnir-cloud-appsmith-log-d08e9-h2-sign-out-with-return-URL-chromium\trace.zip
    Usage:

        npx playwright show-trace ..\test-results\kushnir-cloud-appsmith-log-d08e9-h2-sign-out-with-return-URL-chromium\trace.zip

    ────────────────────────────────────────────────────────────────────────────────────────────────
]]>
</error>
</testcase>
<testcase name="kushnir.cloud Appsmith login path › interactive login starts from kushnir.cloud and reaches the auth provider" classname="kushnir-cloud-appsmith-login.spec.ts" time="0.083">
<system-out>
<![CDATA[
[[ATTACHMENT|..\e2e\test-results\kushnir-cloud-appsmith-log-93205-d-reaches-the-auth-provider-chromium\error-context.md]]

[[ATTACHMENT|..\e2e\test-results\kushnir-cloud-appsmith-log-93205-d-reaches-the-auth-provider-chromium\trace.zip]]
]]>
</system-out>
<error message="apiRequestContext.get: write EPROTO 90530000:error:0A000438:SSL routines:ssl3_read_bytes:tlsv1 alert internal error:openssl\ssl\record\rec_layer_s3.c:916:SSL alert number 80" type="Error">
<![CDATA[  [chromium] › kushnir-cloud-appsmith-login.spec.ts:116:7 › kushnir.cloud Appsmith login path › interactive login starts from kushnir.cloud and reaches the auth provider 

    Error: apiRequestContext.get: write EPROTO 90530000:error:0A000438:SSL routines:ssl3_read_bytes:tlsv1 alert internal error:openssl\ssl\record\rec_layer_s3.c:916:SSL alert number 80

    Call log:
      - → GET https://kushnir.cloud/
        - user-agent: Mozilla/5.0 (Windows NT 10.0; Win64; x64) AppleWebKit/537.36 (KHTML, like Gecko) Chrome/147.0.7727.15 Safari/537.36
        - accept: */*
        - accept-encoding: gzip,deflate,br


      115 |
      116 |   test('interactive login starts from kushnir.cloud and reaches the auth provider', async ({ request }) => {
    > 117 |     const initial = await request.get(`${PORTAL_BASE_URL}/`, { maxRedirects: 0 });
          |                                   ^
      118 |     expect(initial).not.toBeNull();
      119 |
      120 |     const status = initial.status();
        at C:\code-server-enterprise\tests\e2e\specs\kushnir-cloud-appsmith-login.spec.ts:117:35

    Error Context: ..\test-results\kushnir-cloud-appsmith-log-93205-d-reaches-the-auth-provider-chromium\error-context.md

    attachment #2: trace (application/zip) ─────────────────────────────────────────────────────────
    ..\test-results\kushnir-cloud-appsmith-log-93205-d-reaches-the-auth-provider-chromium\trace.zip
    Usage:

        npx playwright show-trace ..\test-results\kushnir-cloud-appsmith-log-93205-d-reaches-the-auth-provider-chromium\trace.zip

    ────────────────────────────────────────────────────────────────────────────────────────────────
]]>
</error>
</testcase>
<testcase name="kushnir.cloud Appsmith login path › portal oauth start resolves to expected google redirect_uri contract" classname="kushnir-cloud-appsmith-login.spec.ts" time="0.089">
<system-out>
<![CDATA[
[[ATTACHMENT|..\e2e\test-results\kushnir-cloud-appsmith-log-22a66-oogle-redirect-uri-contract-chromium\error-context.md]]

[[ATTACHMENT|..\e2e\test-results\kushnir-cloud-appsmith-log-22a66-oogle-redirect-uri-contract-chromium\trace.zip]]
]]>
</system-out>
<error message="apiRequestContext.get: write EPROTO 20740000:error:0A000438:SSL routines:ssl3_read_bytes:tlsv1 alert internal error:openssl\ssl\record\rec_layer_s3.c:916:SSL alert number 80" type="Error">
<![CDATA[  [chromium] › kushnir-cloud-appsmith-login.spec.ts:138:7 › kushnir.cloud Appsmith login path › portal oauth start resolves to expected google redirect_uri contract 

    Error: apiRequestContext.get: write EPROTO 20740000:error:0A000438:SSL routines:ssl3_read_bytes:tlsv1 alert internal error:openssl\ssl\record\rec_layer_s3.c:916:SSL alert number 80

    Call log:
      - → GET https://kushnir.cloud/oauth2/start?rd=%2F
        - user-agent: Mozilla/5.0 (Windows NT 10.0; Win64; x64) AppleWebKit/537.36 (KHTML, like Gecko) Chrome/147.0.7727.15 Safari/537.36
        - accept: */*
        - accept-encoding: gzip,deflate,br


      140 |       `${PORTAL_BASE_URL}${AUTH_START_PATH}?rd=%2F`,
      141 |       async (url: string) => {
    > 142 |         const response = await request.get(url, { maxRedirects: 0 });
          |                                        ^
      143 |         return {
      144 |           status: response.status(),
      145 |           location: response.headers()['location'] || '',
        at requestGet (C:\code-server-enterprise\tests\e2e\specs\kushnir-cloud-appsmith-login.spec.ts:142:40)
        at resolveRedirectUriFromAuthStart (C:\code-server-enterprise\tests\e2e\specs\kushnir-cloud-appsmith-login.spec.ts:52:40)
        at C:\code-server-enterprise\tests\e2e\specs\kushnir-cloud-appsmith-login.spec.ts:139:31

    Error Context: ..\test-results\kushnir-cloud-appsmith-log-22a66-oogle-redirect-uri-contract-chromium\error-context.md

    attachment #2: trace (application/zip) ─────────────────────────────────────────────────────────
    ..\test-results\kushnir-cloud-appsmith-log-22a66-oogle-redirect-uri-contract-chromium\trace.zip
    Usage:

        npx playwright show-trace ..\test-results\kushnir-cloud-appsmith-log-22a66-oogle-redirect-uri-contract-chromium\trace.zip

    ────────────────────────────────────────────────────────────────────────────────────────────────
]]>
</error>
</testcase>
<testcase name="kushnir.cloud Appsmith login path › ide oauth start resolves to expected google redirect_uri contract" classname="kushnir-cloud-appsmith-login.spec.ts" time="0.122">
<system-out>
<![CDATA[
[[ATTACHMENT|..\e2e\test-results\kushnir-cloud-appsmith-log-9c5dc-oogle-redirect-uri-contract-chromium\error-context.md]]

[[ATTACHMENT|..\e2e\test-results\kushnir-cloud-appsmith-log-9c5dc-oogle-redirect-uri-contract-chromium\trace.zip]]
]]>
</system-out>
<error message="apiRequestContext.get: write EPROTO 0C830000:error:0A000438:SSL routines:ssl3_read_bytes:tlsv1 alert internal error:openssl\ssl\record\rec_layer_s3.c:916:SSL alert number 80" type="Error">
<![CDATA[  [chromium] › kushnir-cloud-appsmith-login.spec.ts:153:7 › kushnir.cloud Appsmith login path › ide oauth start resolves to expected google redirect_uri contract 

    Error: apiRequestContext.get: write EPROTO 0C830000:error:0A000438:SSL routines:ssl3_read_bytes:tlsv1 alert internal error:openssl\ssl\record\rec_layer_s3.c:916:SSL alert number 80

    Call log:
      - → GET https://ide.kushnir.cloud/oauth2/start?rd=%2F
        - user-agent: Mozilla/5.0 (Windows NT 10.0; Win64; x64) AppleWebKit/537.36 (KHTML, like Gecko) Chrome/147.0.7727.15 Safari/537.36
        - accept: */*
        - accept-encoding: gzip,deflate,br


      155 |       `${IDE_BASE_URL}${AUTH_START_PATH}?rd=%2F`,
      156 |       async (url: string) => {
    > 157 |         const response = await request.get(url, { maxRedirects: 0 });
          |                                        ^
      158 |         return {
      159 |           status: response.status(),
      160 |           location: response.headers()['location'] || '',
        at requestGet (C:\code-server-enterprise\tests\e2e\specs\kushnir-cloud-appsmith-login.spec.ts:157:40)
        at resolveRedirectUriFromAuthStart (C:\code-server-enterprise\tests\e2e\specs\kushnir-cloud-appsmith-login.spec.ts:52:40)
        at C:\code-server-enterprise\tests\e2e\specs\kushnir-cloud-appsmith-login.spec.ts:154:31

    Error Context: ..\test-results\kushnir-cloud-appsmith-log-9c5dc-oogle-redirect-uri-contract-chromium\error-context.md

    attachment #2: trace (application/zip) ─────────────────────────────────────────────────────────
    ..\test-results\kushnir-cloud-appsmith-log-9c5dc-oogle-redirect-uri-contract-chromium\trace.zip
    Usage:

        npx playwright show-trace ..\test-results\kushnir-cloud-appsmith-log-9c5dc-oogle-redirect-uri-contract-chromium\trace.zip

    ────────────────────────────────────────────────────────────────────────────────────────────────
]]>
</error>
</testcase>
<testcase name="kushnir.cloud Appsmith login path › appsmith GitHub button emits redirect_uri for kushnir.cloud host" classname="kushnir-cloud-appsmith-login.spec.ts">
<properties>
<property name="skip" value="Appsmith login page unavailable in this environment: apiRequestContext.get: write EPROTO D0A10000:error:0A000438:SSL routines:ssl3_read_bytes:tlsv1 alert internal error:openssl\ssl\record\rec_layer_s3.c:916:SSL alert number 80

Call log:
[2m  - → GET https://kushnir.cloud/user/login[22m
[2m    - user-agent: Mozilla/5.0 (Windows NT 10.0; Win64; x64) AppleWebKit/537.36 (KHTML, like Gecko) Chrome/147.0.7727.15 Safari/537.36[22m
[2m    - accept: */*[22m
[2m    - accept-encoding: gzip,deflate,br[22m
">
</property>
</properties>
<skipped>
</skipped>
</testcase>
<testcase name="kushnir.cloud Appsmith login path › auth reset response includes cookie/site-data clearing headers" classname="kushnir-cloud-appsmith-login.spec.ts" time="0.041">
<system-out>
<![CDATA[
[[ATTACHMENT|..\e2e\test-results\kushnir-cloud-appsmith-log-d8d53--site-data-clearing-headers-chromium\error-context.md]]

[[ATTACHMENT|..\e2e\test-results\kushnir-cloud-appsmith-log-d8d53--site-data-clearing-headers-chromium\trace.zip]]
]]>
</system-out>
<error message="apiRequestContext.get: write EPROTO D0A10000:error:0A000438:SSL routines:ssl3_read_bytes:tlsv1 alert internal error:openssl\ssl\record\rec_layer_s3.c:916:SSL alert number 80" type="Error">
<![CDATA[  [chromium] › kushnir-cloud-appsmith-login.spec.ts:204:7 › kushnir.cloud Appsmith login path › auth reset response includes cookie/site-data clearing headers 

    Error: apiRequestContext.get: write EPROTO D0A10000:error:0A000438:SSL routines:ssl3_read_bytes:tlsv1 alert internal error:openssl\ssl\record\rec_layer_s3.c:916:SSL alert number 80

    Call log:
      - → GET https://kushnir.cloud/auth/reset
        - user-agent: Mozilla/5.0 (Windows NT 10.0; Win64; x64) AppleWebKit/537.36 (KHTML, like Gecko) Chrome/147.0.7727.15 Safari/537.36
        - accept: */*
        - accept-encoding: gzip,deflate,br


      203 |
      204 |   test('auth reset response includes cookie/site-data clearing headers', async ({ request }) => {
    > 205 |     const response = await request.get(`${PORTAL_BASE_URL}${AUTH_RESET_PATH}`, { maxRedirects: 0 });
          |                                    ^
      206 |     expect(response.status()).toBe(200);
      207 |
      208 |     const headers = response.headers();
        at C:\code-server-enterprise\tests\e2e\specs\kushnir-cloud-appsmith-login.spec.ts:205:36

    Error Context: ..\test-results\kushnir-cloud-appsmith-log-d8d53--site-data-clearing-headers-chromium\error-context.md

    attachment #2: trace (application/zip) ─────────────────────────────────────────────────────────
    ..\test-results\kushnir-cloud-appsmith-log-d8d53--site-data-clearing-headers-chromium\trace.zip
    Usage:

        npx playwright show-trace ..\test-results\kushnir-cloud-appsmith-log-d8d53--site-data-clearing-headers-chromium\trace.zip

    ────────────────────────────────────────────────────────────────────────────────────────────────
]]>
</error>
</testcase>
<testcase name="kushnir.cloud Appsmith login path › single-login sentinel detects appsmith secondary auth when strict mode is enabled" classname="kushnir-cloud-appsmith-login.spec.ts">
<properties>
<property name="skip" value="Set REQUIRE_SINGLE_LOGIN=1 to enforce no secondary Appsmith login">
</property>
</properties>
<skipped>
</skipped>
</testcase>
<testcase name="kushnir.cloud Appsmith login path › auth reset clears cookies and responds with redirect helper html" classname="kushnir-cloud-appsmith-login.spec.ts" time="0.074">
<system-out>
<![CDATA[
[[ATTACHMENT|..\e2e\test-results\kushnir-cloud-appsmith-log-4a944-s-with-redirect-helper-html-chromium\error-context.md]]

[[ATTACHMENT|..\e2e\test-results\kushnir-cloud-appsmith-log-4a944-s-with-redirect-helper-html-chromium\trace.zip]]
]]>
</system-out>
<error message="apiRequestContext.get: write EPROTO 1C7B0000:error:0A000438:SSL routines:ssl3_read_bytes:tlsv1 alert internal error:openssl\ssl\record\rec_layer_s3.c:916:SSL alert number 80" type="Error">
<![CDATA[  [chromium] › kushnir-cloud-appsmith-login.spec.ts:245:7 › kushnir.cloud Appsmith login path › auth reset clears cookies and responds with redirect helper html 

    Error: apiRequestContext.get: write EPROTO 1C7B0000:error:0A000438:SSL routines:ssl3_read_bytes:tlsv1 alert internal error:openssl\ssl\record\rec_layer_s3.c:916:SSL alert number 80

    Call log:
      - → GET https://kushnir.cloud/auth/reset
        - user-agent: Mozilla/5.0 (Windows NT 10.0; Win64; x64) AppleWebKit/537.36 (KHTML, like Gecko) Chrome/147.0.7727.15 Safari/537.36
        - accept: */*
        - accept-encoding: gzip,deflate,br


      244 |
      245 |   test('auth reset clears cookies and responds with redirect helper html', async ({ request }) => {
    > 246 |     const response = await request.get(`${PORTAL_BASE_URL}${AUTH_RESET_PATH}`, { maxRedirects: 0 });
          |                                    ^
      247 |     expect(response).not.toBeNull();
      248 |     expect(response.status()).toBe(200);
      249 |
        at C:\code-server-enterprise\tests\e2e\specs\kushnir-cloud-appsmith-login.spec.ts:246:36

    Error Context: ..\test-results\kushnir-cloud-appsmith-log-4a944-s-with-redirect-helper-html-chromium\error-context.md

    attachment #2: trace (application/zip) ─────────────────────────────────────────────────────────
    ..\test-results\kushnir-cloud-appsmith-log-4a944-s-with-redirect-helper-html-chromium\trace.zip
    Usage:

        npx playwright show-trace ..\test-results\kushnir-cloud-appsmith-log-4a944-s-with-redirect-helper-html-chromium\trace.zip

    ────────────────────────────────────────────────────────────────────────────────────────────────
]]>
</error>
</testcase>
<testcase name="kushnir.cloud Appsmith login path › authenticated portal session (QA storage state) loads without oauth redirect" classname="kushnir-cloud-appsmith-login.spec.ts">
<properties>
<property name="skip" value="PLAYWRIGHT_STORAGE_STATE is required for QA-authenticated flow">
</property>
</properties>
<skipped>
</skipped>
</testcase>
<testcase name="kushnir.cloud Appsmith login path › authenticated user can open portal and logout back to auth gate" classname="kushnir-cloud-appsmith-login.spec.ts">
<properties>
<property name="skip" value="PLAYWRIGHT_STORAGE_STATE is required for full login-&gt;portal-&gt;logout flow">
</property>
</properties>
<skipped>
</skipped>
</testcase>
<testcase name="kushnir.cloud Appsmith login path › authenticated IDE session (QA storage state) loads without oauth redirect loop" classname="kushnir-cloud-appsmith-login.spec.ts">
<properties>
<property name="skip" value="PLAYWRIGHT_STORAGE_STATE is required for QA-authenticated flow">
</property>
</properties>
<skipped>
</skipped>
</testcase>
</testsuite>
<testsuite name="oauth-login.spec.ts" timestamp="2026-04-20T22:48:24.327Z" hostname="chromium" tests="2" failures="0" skipped="0" time="0.859" errors="2">
<testcase name="OAuth login smoke test › redirects to OAuth provider on unauthenticated access" classname="oauth-login.spec.ts" time="0.438">
<system-out>
<![CDATA[
[[ATTACHMENT|..\e2e\test-results\oauth-login-OAuth-login-sm-75bc5-r-on-unauthenticated-access-chromium\test-failed-1.png]]

[[ATTACHMENT|..\e2e\test-results\oauth-login-OAuth-login-sm-75bc5-r-on-unauthenticated-access-chromium\video.webm]]

[[ATTACHMENT|..\e2e\test-results\oauth-login-OAuth-login-sm-75bc5-r-on-unauthenticated-access-chromium\error-context.md]]

[[ATTACHMENT|..\e2e\test-results\oauth-login-OAuth-login-sm-75bc5-r-on-unauthenticated-access-chromium\trace.zip]]
]]>
</system-out>
<error message="page.goto: net::ERR_SSL_PROTOCOL_ERROR at https://kushnir.cloud/" type="Error">
<![CDATA[  [chromium] › oauth-login.spec.ts:7:7 › OAuth login smoke test › redirects to OAuth provider on unauthenticated access 

    Error: page.goto: net::ERR_SSL_PROTOCOL_ERROR at https://kushnir.cloud/
    Call log:
      - navigating to "https://kushnir.cloud/", waiting until "load"


       6 | test.describe('OAuth login smoke test', () => {
       7 |   test('redirects to OAuth provider on unauthenticated access', async ({ page }) => {
    >  8 |     const response = await page.goto('/');
         |                                 ^
       9 |     // Should redirect to /oauth2/sign_in or Google OAuth
      10 |     const url = page.url();
      11 |     expect(url).toMatch(/oauth2|accounts\.google\.com/);
        at C:\code-server-enterprise\tests\e2e\specs\oauth-login.spec.ts:8:33

    attachment #1: screenshot (image/png) ──────────────────────────────────────────────────────────
    ..\test-results\oauth-login-OAuth-login-sm-75bc5-r-on-unauthenticated-access-chromium\test-failed-1.png
    ────────────────────────────────────────────────────────────────────────────────────────────────

    attachment #2: video (video/webm) ──────────────────────────────────────────────────────────────
    ..\test-results\oauth-login-OAuth-login-sm-75bc5-r-on-unauthenticated-access-chromium\video.webm
    ────────────────────────────────────────────────────────────────────────────────────────────────

    Error Context: ..\test-results\oauth-login-OAuth-login-sm-75bc5-r-on-unauthenticated-access-chromium\error-context.md

    attachment #4: trace (application/zip) ─────────────────────────────────────────────────────────
    ..\test-results\oauth-login-OAuth-login-sm-75bc5-r-on-unauthenticated-access-chromium\trace.zip
    Usage:

        npx playwright show-trace ..\test-results\oauth-login-OAuth-login-sm-75bc5-r-on-unauthenticated-access-chromium\trace.zip

    ────────────────────────────────────────────────────────────────────────────────────────────────
]]>
</error>
</testcase>
<testcase name="OAuth login smoke test › health check endpoint is reachable without auth" classname="oauth-login.spec.ts" time="0.421">
<system-out>
<![CDATA[
[[ATTACHMENT|..\e2e\test-results\oauth-login-OAuth-login-sm-c7b90-t-is-reachable-without-auth-chromium\test-failed-1.png]]

[[ATTACHMENT|..\e2e\test-results\oauth-login-OAuth-login-sm-c7b90-t-is-reachable-without-auth-chromium\video.webm]]

[[ATTACHMENT|..\e2e\test-results\oauth-login-OAuth-login-sm-c7b90-t-is-reachable-without-auth-chromium\error-context.md]]

[[ATTACHMENT|..\e2e\test-results\oauth-login-OAuth-login-sm-c7b90-t-is-reachable-without-auth-chromium\trace.zip]]
]]>
</system-out>
<error message="page.goto: net::ERR_SSL_PROTOCOL_ERROR at https://kushnir.cloud/health" type="Error">
<![CDATA[  [chromium] › oauth-login.spec.ts:14:7 › OAuth login smoke test › health check endpoint is reachable without auth 

    Error: page.goto: net::ERR_SSL_PROTOCOL_ERROR at https://kushnir.cloud/health
    Call log:
      - navigating to "https://kushnir.cloud/health", waiting until "load"


      13 |
      14 |   test('health check endpoint is reachable without auth', async ({ page }) => {
    > 15 |     const response = await page.goto('/health');
         |                                 ^
      16 |     // Health check returns 200 without OAuth
      17 |     expect(response?.status()).toBeLessThanOrEqual(404); // 200 or 404 (not 502)
      18 |   });
        at C:\code-server-enterprise\tests\e2e\specs\oauth-login.spec.ts:15:33

    attachment #1: screenshot (image/png) ──────────────────────────────────────────────────────────
    ..\test-results\oauth-login-OAuth-login-sm-c7b90-t-is-reachable-without-auth-chromium\test-failed-1.png
    ────────────────────────────────────────────────────────────────────────────────────────────────

    attachment #2: video (video/webm) ──────────────────────────────────────────────────────────────
    ..\test-results\oauth-login-OAuth-login-sm-c7b90-t-is-reachable-without-auth-chromium\video.webm
    ────────────────────────────────────────────────────────────────────────────────────────────────

    Error Context: ..\test-results\oauth-login-OAuth-login-sm-c7b90-t-is-reachable-without-auth-chromium\error-context.md

    attachment #4: trace (application/zip) ─────────────────────────────────────────────────────────
    ..\test-results\oauth-login-OAuth-login-sm-c7b90-t-is-reachable-without-auth-chromium\trace.zip
    Usage:

        npx playwright show-trace ..\test-results\oauth-login-OAuth-login-sm-c7b90-t-is-reachable-without-auth-chromium\trace.zip

    ────────────────────────────────────────────────────────────────────────────────────────────────
]]>
</error>
</testcase>
</testsuite>
</testsuites>