{"numTotalTestSuites":9,"numPassedTestSuites":9,"numFailedTestSuites":0,"numPendingTestSuites":0,"numTotalTests":33,"numPassedTests":33,"numFailedTests":0,"numPendingTests":0,"numTodoTests":0,"snapshot":{"added":0,"failure":false,"filesAdded":0,"filesRemoved":0,"filesRemovedList":[],"filesUnmatched":0,"filesUpdated":0,"matched":0,"total":0,"unchecked":0,"uncheckedKeysByFile":[],"unmatched":0,"updated":0,"didUpdate":false},"startTime":1776989919685,"success":true,"testResults":[{"assertionResults":[{"ancestorTitles":["IntegrationHub","registerIntegration"],"fullName":"IntegrationHub registerIntegration should register a GitHub integration","status":"passed","title":"should register a GitHub integration","duration":4.515300000000025,"failureMessages":[],"meta":{},"tags":[]},{"ancestorTitles":["IntegrationHub","registerIntegration"],"fullName":"IntegrationHub registerIntegration should register a Slack integration","status":"passed","title":"should register a Slack integration","duration":1.4898000000000025,"failureMessages":[],"meta":{},"tags":[]},{"ancestorTitles":["IntegrationHub","registerIntegration"],"fullName":"IntegrationHub registerIntegration should register a Linear integration","status":"passed","title":"should register a Linear integration","duration":1.5287000000000148,"failureMessages":[],"meta":{},"tags":[]},{"ancestorTitles":["IntegrationHub","registerIntegration"],"fullName":"IntegrationHub registerIntegration should register a Jira integration","status":"passed","title":"should register a Jira integration","duration":1.0862000000000194,"failureMessages":[],"meta":{},"tags":[]},{"ancestorTitles":["IntegrationHub","registerIntegration"],"fullName":"IntegrationHub registerIntegration should register a GitHub Actions CI/CD integration","status":"passed","title":"should register a GitHub Actions CI/CD integration","duration":0.9153999999999769,"failureMessages":[],"meta":{},"tags":[]},{"ancestorTitles":["IntegrationHub","registerIntegration"],"fullName":"IntegrationHub registerIntegration should register a CircleCI integration","status":"passed","title":"should register a CircleCI integration","duration":0.6595000000000368,"failureMessages":[],"meta":{},"tags":[]},{"ancestorTitles":["IntegrationHub","registerIntegration"],"fullName":"IntegrationHub registerIntegration should register a Figma integration","status":"passed","title":"should register a Figma integration","duration":0.5115000000000123,"failureMessages":[],"meta":{},"tags":[]},{"ancestorTitles":["IntegrationHub","registerIntegration"],"fullName":"IntegrationHub registerIntegration should register a Sentry integration","status":"passed","title":"should register a Sentry integration","duration":0.32590000000004693,"failureMessages":[],"meta":{},"tags":[]},{"ancestorTitles":["IntegrationHub","registerIntegration"],"fullName":"IntegrationHub registerIntegration should register a PagerDuty integration","status":"passed","title":"should register a PagerDuty integration","duration":0.7747999999999706,"failureMessages":[],"meta":{},"tags":[]},{"ancestorTitles":["IntegrationHub","registerIntegration"],"fullName":"IntegrationHub registerIntegration should register a Jaeger APM integration","status":"passed","title":"should register a Jaeger APM integration","duration":0.8520000000000323,"failureMessages":[],"meta":{},"tags":[]},{"ancestorTitles":["IntegrationHub","registerIntegration"],"fullName":"IntegrationHub registerIntegration should return unique integration IDs","status":"passed","title":"should return unique integration IDs","duration":1.5962999999999852,"failureMessages":[],"meta":{},"tags":[]},{"ancestorTitles":["IntegrationHub","registerIntegration"],"fullName":"IntegrationHub registerIntegration should track disabled integrations","status":"passed","title":"should track disabled integrations","duration":0.4030999999999949,"failureMessages":[],"meta":{},"tags":[]},{"ancestorTitles":["IntegrationHub","sendEvent"],"fullName":"IntegrationHub sendEvent should send issue creation event to GitHub","status":"passed","title":"should send issue creation event to GitHub","duration":0.5473999999999819,"failureMessages":[],"meta":{},"tags":[]},{"ancestorTitles":["IntegrationHub","sendEvent"],"fullName":"IntegrationHub sendEvent should send deployment event to CI/CD","status":"passed","title":"should send deployment event to CI/CD","duration":0.3017000000000394,"failureMessages":[],"meta":{},"tags":[]},{"ancestorTitles":["IntegrationHub","sendEvent"],"fullName":"IntegrationHub sendEvent should send message to Slack","status":"passed","title":"should send message to Slack","duration":0.2703999999999951,"failureMessages":[],"meta":{},"tags":[]},{"ancestorTitles":["IntegrationHub","sendEvent"],"fullName":"IntegrationHub sendEvent should send error to Sentry","status":"passed","title":"should send error to Sentry","duration":0.22840000000002192,"failureMessages":[],"meta":{},"tags":[]},{"ancestorTitles":["IntegrationHub","sendEvent"],"fullName":"IntegrationHub sendEvent should send trace to Jaeger","status":"passed","title":"should send trace to Jaeger","duration":0.23259999999999081,"failureMessages":[],"meta":{},"tags":[]},{"ancestorTitles":["IntegrationHub","sendEvent"],"fullName":"IntegrationHub sendEvent should reject events to disabled integrations","status":"passed","title":"should reject events to disabled integrations","duration":0.301400000000001,"failureMessages":[],"meta":{},"tags":[]},{"ancestorTitles":["IntegrationHub","sendEvent"],"fullName":"IntegrationHub sendEvent should fail for non-existent integration","status":"passed","title":"should fail for non-existent integration","duration":0.2115000000000009,"failureMessages":[],"meta":{},"tags":[]},{"ancestorTitles":["IntegrationHub","receiveWebhook"],"fullName":"IntegrationHub receiveWebhook should receive GitHub webhook","status":"passed","title":"should receive GitHub webhook","duration":0.38239999999996144,"failureMessages":[],"meta":{},"tags":[]},{"ancestorTitles":["IntegrationHub","receiveWebhook"],"fullName":"IntegrationHub receiveWebhook should receive Slack webhook","status":"passed","title":"should receive Slack webhook","duration":0.22730000000001382,"failureMessages":[],"meta":{},"tags":[]},{"ancestorTitles":["IntegrationHub","receiveWebhook"],"fullName":"IntegrationHub receiveWebhook should fail for non-existent integration","status":"passed","title":"should fail for non-existent integration","duration":0.16800000000000637,"failureMessages":[],"meta":{},"tags":[]},{"ancestorTitles":["IntegrationHub","getStatus"],"fullName":"IntegrationHub getStatus should return integration status","status":"passed","title":"should return integration status","duration":0.22939999999999827,"failureMessages":[],"meta":{},"tags":[]},{"ancestorTitles":["IntegrationHub","getStatus"],"fullName":"IntegrationHub getStatus should return null for non-existent integration","status":"passed","title":"should return null for non-existent integration","duration":0.15179999999998017,"failureMessages":[],"meta":{},"tags":[]},{"ancestorTitles":["IntegrationHub","getStatus"],"fullName":"IntegrationHub getStatus should track sync count","status":"passed","title":"should track sync count","duration":0.31810000000001537,"failureMessages":[],"meta":{},"tags":[]},{"ancestorTitles":["IntegrationHub","getStatus"],"fullName":"IntegrationHub getStatus should track error count","status":"passed","title":"should track error count","duration":0.16310000000004266,"failureMessages":[],"meta":{},"tags":[]},{"ancestorTitles":["IntegrationHub","getIntegrations"],"fullName":"IntegrationHub getIntegrations should return empty list initially","status":"passed","title":"should return empty list initially","duration":0.441599999999994,"failureMessages":[],"meta":{},"tags":[]},{"ancestorTitles":["IntegrationHub","getIntegrations"],"fullName":"IntegrationHub getIntegrations should return all registered integrations","status":"passed","title":"should return all registered integrations","duration":3.498100000000022,"failureMessages":[],"meta":{},"tags":[]},{"ancestorTitles":["IntegrationHub","getIntegrations"],"fullName":"IntegrationHub getIntegrations should include config and status for each integration","status":"passed","title":"should include config and status for each integration","duration":0.6524000000000001,"failureMessages":[],"meta":{},"tags":[]},{"ancestorTitles":["IntegrationHub","Event Routing"],"fullName":"IntegrationHub Event Routing should route GitHub issue events","status":"passed","title":"should route GitHub issue events","duration":0.7687000000000239,"failureMessages":[],"meta":{},"tags":[]},{"ancestorTitles":["IntegrationHub","Event Routing"],"fullName":"IntegrationHub Event Routing should route Slack messages","status":"passed","title":"should route Slack messages","duration":0.6379000000000019,"failureMessages":[],"meta":{},"tags":[]},{"ancestorTitles":["IntegrationHub","Event Routing"],"fullName":"IntegrationHub Event Routing should route CI/CD events","status":"passed","title":"should route CI/CD events","duration":0.3465999999999667,"failureMessages":[],"meta":{},"tags":[]},{"ancestorTitles":["IntegrationHub","Integration Types"],"fullName":"IntegrationHub Integration Types should support all 10 integration types","status":"passed","title":"should support all 10 integration types","duration":0.7132000000000289,"failureMessages":[],"meta":{},"tags":[]}],"startTime":1776989920144,"endTime":1776989920170.7131,"status":"passed","message":"","name":"C:/code-server-enterprise/apps/backend/src/services/integrations/__tests__/integration-hub.test.ts"}]}